2024-11-12 10:23:58,125 [Worker-4: Loading available Gradle versions] INFO  o.e.b.c.i.u.g.PublishedGradleVersions - Gradle version information cache is up-to-date. Trying to read.
2024-11-12 10:25:04,187 [Worker-10: Launching mavenrun-97bf0e07-2d8d-4d9c-b245-52d10a2c1c4a] INFO  o.eclipse.m2e.core.internal.Bundles - getClasspathEntries(Bundle=org.eclipse.m2e.maven.runtime_3.9.900.20240824-1409 [642])
2024-11-12 10:25:04,190 [Worker-10: Launching mavenrun-97bf0e07-2d8d-4d9c-b245-52d10a2c1c4a] INFO  o.eclipse.m2e.core.internal.Bundles - 	Entry: C:\Users\Mustafa\.p2\pool\plugins\org.eclipse.m2e.maven.runtime_3.9.900.20240824-1409
2024-11-12 10:25:04,190 [Worker-10: Launching mavenrun-97bf0e07-2d8d-4d9c-b245-52d10a2c1c4a] INFO  o.eclipse.m2e.core.internal.Bundles - 	Entry: C:\Users\Mustafa\.p2\pool\plugins\org.eclipse.m2e.maven.runtime_3.9.900.20240824-1409\jars\aopalliance-1.0.jar
2024-11-12 10:25:04,191 [Worker-10: Launching mavenrun-97bf0e07-2d8d-4d9c-b245-52d10a2c1c4a] INFO  o.eclipse.m2e.core.internal.Bundles - 	Entry: C:\Users\Mustafa\.p2\pool\plugins\org.eclipse.m2e.maven.runtime_3.9.900.20240824-1409\jars\guice-5.1.0.jar
2024-11-12 10:25:04,191 [Worker-10: Launching mavenrun-97bf0e07-2d8d-4d9c-b245-52d10a2c1c4a] INFO  o.eclipse.m2e.core.internal.Bundles - 	Entry: C:\Users\Mustafa\.p2\pool\plugins\org.eclipse.m2e.maven.runtime_3.9.900.20240824-1409\jars\httpclient-4.5.14.jar
2024-11-12 10:25:04,191 [Worker-10: Launching mavenrun-97bf0e07-2d8d-4d9c-b245-52d10a2c1c4a] INFO  o.eclipse.m2e.core.internal.Bundles - 	Entry: C:\Users\Mustafa\.p2\pool\plugins\org.eclipse.m2e.maven.runtime_3.9.900.20240824-1409\jars\httpcore-4.4.16.jar
2024-11-12 10:25:04,191 [Worker-10: Launching mavenrun-97bf0e07-2d8d-4d9c-b245-52d10a2c1c4a] INFO  o.eclipse.m2e.core.internal.Bundles - 	Entry: C:\Users\Mustafa\.p2\pool\plugins\org.eclipse.m2e.maven.runtime_3.9.900.20240824-1409\jars\jansi-2.4.1.jar
2024-11-12 10:25:04,191 [Worker-10: Launching mavenrun-97bf0e07-2d8d-4d9c-b245-52d10a2c1c4a] INFO  o.eclipse.m2e.core.internal.Bundles - 	Entry: C:\Users\Mustafa\.p2\pool\plugins\org.eclipse.m2e.maven.runtime_3.9.900.20240824-1409\jars\jcl-over-slf4j-1.7.36.jar
2024-11-12 10:25:04,191 [Worker-10: Launching mavenrun-97bf0e07-2d8d-4d9c-b245-52d10a2c1c4a] INFO  o.eclipse.m2e.core.internal.Bundles - 	Entry: C:\Users\Mustafa\.p2\pool\plugins\org.eclipse.m2e.maven.runtime_3.9.900.20240824-1409\jars\maven-artifact-3.9.9.jar
2024-11-12 10:25:04,192 [Worker-10: Launching mavenrun-97bf0e07-2d8d-4d9c-b245-52d10a2c1c4a] INFO  o.eclipse.m2e.core.internal.Bundles - 	Entry: C:\Users\Mustafa\.p2\pool\plugins\org.eclipse.m2e.maven.runtime_3.9.900.20240824-1409\jars\maven-builder-support-3.9.9.jar
2024-11-12 10:25:04,192 [Worker-10: Launching mavenrun-97bf0e07-2d8d-4d9c-b245-52d10a2c1c4a] INFO  o.eclipse.m2e.core.internal.Bundles - 	Entry: C:\Users\Mustafa\.p2\pool\plugins\org.eclipse.m2e.maven.runtime_3.9.900.20240824-1409\jars\maven-compat-3.9.9.jar
2024-11-12 10:25:04,192 [Worker-10: Launching mavenrun-97bf0e07-2d8d-4d9c-b245-52d10a2c1c4a] INFO  o.eclipse.m2e.core.internal.Bundles - 	Entry: C:\Users\Mustafa\.p2\pool\plugins\org.eclipse.m2e.maven.runtime_3.9.900.20240824-1409\jars\maven-core-3.9.9.jar
2024-11-12 10:25:04,192 [Worker-10: Launching mavenrun-97bf0e07-2d8d-4d9c-b245-52d10a2c1c4a] INFO  o.eclipse.m2e.core.internal.Bundles - 	Entry: C:\Users\Mustafa\.p2\pool\plugins\org.eclipse.m2e.maven.runtime_3.9.900.20240824-1409\jars\maven-embedder-3.9.9.jar
2024-11-12 10:25:04,192 [Worker-10: Launching mavenrun-97bf0e07-2d8d-4d9c-b245-52d10a2c1c4a] INFO  o.eclipse.m2e.core.internal.Bundles - 	Entry: C:\Users\Mustafa\.p2\pool\plugins\org.eclipse.m2e.maven.runtime_3.9.900.20240824-1409\jars\maven-model-3.9.9.jar
2024-11-12 10:25:04,192 [Worker-10: Launching mavenrun-97bf0e07-2d8d-4d9c-b245-52d10a2c1c4a] INFO  o.eclipse.m2e.core.internal.Bundles - 	Entry: C:\Users\Mustafa\.p2\pool\plugins\org.eclipse.m2e.maven.runtime_3.9.900.20240824-1409\jars\maven-model-builder-3.9.9.jar
2024-11-12 10:25:04,192 [Worker-10: Launching mavenrun-97bf0e07-2d8d-4d9c-b245-52d10a2c1c4a] INFO  o.eclipse.m2e.core.internal.Bundles - 	Entry: C:\Users\Mustafa\.p2\pool\plugins\org.eclipse.m2e.maven.runtime_3.9.900.20240824-1409\jars\maven-plugin-api-3.9.9.jar
2024-11-12 10:25:04,192 [Worker-10: Launching mavenrun-97bf0e07-2d8d-4d9c-b245-52d10a2c1c4a] INFO  o.eclipse.m2e.core.internal.Bundles - 	Entry: C:\Users\Mustafa\.p2\pool\plugins\org.eclipse.m2e.maven.runtime_3.9.900.20240824-1409\jars\maven-repository-metadata-3.9.9.jar
2024-11-12 10:25:04,193 [Worker-10: Launching mavenrun-97bf0e07-2d8d-4d9c-b245-52d10a2c1c4a] INFO  o.eclipse.m2e.core.internal.Bundles - 	Entry: C:\Users\Mustafa\.p2\pool\plugins\org.eclipse.m2e.maven.runtime_3.9.900.20240824-1409\jars\maven-resolver-api-1.9.22.jar
2024-11-12 10:25:04,193 [Worker-10: Launching mavenrun-97bf0e07-2d8d-4d9c-b245-52d10a2c1c4a] INFO  o.eclipse.m2e.core.internal.Bundles - 	Entry: C:\Users\Mustafa\.p2\pool\plugins\org.eclipse.m2e.maven.runtime_3.9.900.20240824-1409\jars\maven-resolver-connector-basic-1.9.22.jar
2024-11-12 10:25:04,193 [Worker-10: Launching mavenrun-97bf0e07-2d8d-4d9c-b245-52d10a2c1c4a] INFO  o.eclipse.m2e.core.internal.Bundles - 	Entry: C:\Users\Mustafa\.p2\pool\plugins\org.eclipse.m2e.maven.runtime_3.9.900.20240824-1409\jars\maven-resolver-impl-1.9.22.jar
2024-11-12 10:25:04,193 [Worker-10: Launching mavenrun-97bf0e07-2d8d-4d9c-b245-52d10a2c1c4a] INFO  o.eclipse.m2e.core.internal.Bundles - 	Entry: C:\Users\Mustafa\.p2\pool\plugins\org.eclipse.m2e.maven.runtime_3.9.900.20240824-1409\jars\maven-resolver-named-locks-1.9.22.jar
2024-11-12 10:25:04,193 [Worker-10: Launching mavenrun-97bf0e07-2d8d-4d9c-b245-52d10a2c1c4a] INFO  o.eclipse.m2e.core.internal.Bundles - 	Entry: C:\Users\Mustafa\.p2\pool\plugins\org.eclipse.m2e.maven.runtime_3.9.900.20240824-1409\jars\maven-resolver-provider-3.9.9.jar
2024-11-12 10:25:04,193 [Worker-10: Launching mavenrun-97bf0e07-2d8d-4d9c-b245-52d10a2c1c4a] INFO  o.eclipse.m2e.core.internal.Bundles - 	Entry: C:\Users\Mustafa\.p2\pool\plugins\org.eclipse.m2e.maven.runtime_3.9.900.20240824-1409\jars\maven-resolver-spi-1.9.22.jar
2024-11-12 10:25:04,193 [Worker-10: Launching mavenrun-97bf0e07-2d8d-4d9c-b245-52d10a2c1c4a] INFO  o.eclipse.m2e.core.internal.Bundles - 	Entry: C:\Users\Mustafa\.p2\pool\plugins\org.eclipse.m2e.maven.runtime_3.9.900.20240824-1409\jars\maven-resolver-transport-file-1.9.22.jar
2024-11-12 10:25:04,193 [Worker-10: Launching mavenrun-97bf0e07-2d8d-4d9c-b245-52d10a2c1c4a] INFO  o.eclipse.m2e.core.internal.Bundles - 	Entry: C:\Users\Mustafa\.p2\pool\plugins\org.eclipse.m2e.maven.runtime_3.9.900.20240824-1409\jars\maven-resolver-transport-http-1.9.22.jar
2024-11-12 10:25:04,193 [Worker-10: Launching mavenrun-97bf0e07-2d8d-4d9c-b245-52d10a2c1c4a] INFO  o.eclipse.m2e.core.internal.Bundles - 	Entry: C:\Users\Mustafa\.p2\pool\plugins\org.eclipse.m2e.maven.runtime_3.9.900.20240824-1409\jars\maven-resolver-transport-wagon-1.9.22.jar
2024-11-12 10:25:04,194 [Worker-10: Launching mavenrun-97bf0e07-2d8d-4d9c-b245-52d10a2c1c4a] INFO  o.eclipse.m2e.core.internal.Bundles - 	Entry: C:\Users\Mustafa\.p2\pool\plugins\org.eclipse.m2e.maven.runtime_3.9.900.20240824-1409\jars\maven-resolver-util-1.9.22.jar
2024-11-12 10:25:04,194 [Worker-10: Launching mavenrun-97bf0e07-2d8d-4d9c-b245-52d10a2c1c4a] INFO  o.eclipse.m2e.core.internal.Bundles - 	Entry: C:\Users\Mustafa\.p2\pool\plugins\org.eclipse.m2e.maven.runtime_3.9.900.20240824-1409\jars\maven-settings-3.9.9.jar
2024-11-12 10:25:04,194 [Worker-10: Launching mavenrun-97bf0e07-2d8d-4d9c-b245-52d10a2c1c4a] INFO  o.eclipse.m2e.core.internal.Bundles - 	Entry: C:\Users\Mustafa\.p2\pool\plugins\org.eclipse.m2e.maven.runtime_3.9.900.20240824-1409\jars\maven-settings-builder-3.9.9.jar
2024-11-12 10:25:04,194 [Worker-10: Launching mavenrun-97bf0e07-2d8d-4d9c-b245-52d10a2c1c4a] INFO  o.eclipse.m2e.core.internal.Bundles - 	Entry: C:\Users\Mustafa\.p2\pool\plugins\org.eclipse.m2e.maven.runtime_3.9.900.20240824-1409\jars\maven-shared-utils-3.4.2.jar
2024-11-12 10:25:04,194 [Worker-10: Launching mavenrun-97bf0e07-2d8d-4d9c-b245-52d10a2c1c4a] INFO  o.eclipse.m2e.core.internal.Bundles - 	Entry: C:\Users\Mustafa\.p2\pool\plugins\org.eclipse.m2e.maven.runtime_3.9.900.20240824-1409\jars\org.eclipse.sisu.inject-0.9.0.M3.jar
2024-11-12 10:25:04,194 [Worker-10: Launching mavenrun-97bf0e07-2d8d-4d9c-b245-52d10a2c1c4a] INFO  o.eclipse.m2e.core.internal.Bundles - 	Entry: C:\Users\Mustafa\.p2\pool\plugins\org.eclipse.m2e.maven.runtime_3.9.900.20240824-1409\jars\org.eclipse.sisu.plexus-0.9.0.M3.jar
2024-11-12 10:25:04,194 [Worker-10: Launching mavenrun-97bf0e07-2d8d-4d9c-b245-52d10a2c1c4a] INFO  o.eclipse.m2e.core.internal.Bundles - 	Entry: C:\Users\Mustafa\.p2\pool\plugins\org.eclipse.m2e.maven.runtime_3.9.900.20240824-1409\jars\plexus-build-api-0.0.7.jar
2024-11-12 10:25:04,194 [Worker-10: Launching mavenrun-97bf0e07-2d8d-4d9c-b245-52d10a2c1c4a] INFO  o.eclipse.m2e.core.internal.Bundles - 	Entry: C:\Users\Mustafa\.p2\pool\plugins\org.eclipse.m2e.maven.runtime_3.9.900.20240824-1409\jars\plexus-build-api-1.2.0.jar
2024-11-12 10:25:04,194 [Worker-10: Launching mavenrun-97bf0e07-2d8d-4d9c-b245-52d10a2c1c4a] INFO  o.eclipse.m2e.core.internal.Bundles - 	Entry: C:\Users\Mustafa\.p2\pool\plugins\org.eclipse.m2e.maven.runtime_3.9.900.20240824-1409\jars\plexus-cipher-2.0.jar
2024-11-12 10:25:04,195 [Worker-10: Launching mavenrun-97bf0e07-2d8d-4d9c-b245-52d10a2c1c4a] INFO  o.eclipse.m2e.core.internal.Bundles - 	Entry: C:\Users\Mustafa\.p2\pool\plugins\org.eclipse.m2e.maven.runtime_3.9.900.20240824-1409\jars\plexus-classworlds-2.8.0.jar
2024-11-12 10:25:04,195 [Worker-10: Launching mavenrun-97bf0e07-2d8d-4d9c-b245-52d10a2c1c4a] INFO  o.eclipse.m2e.core.internal.Bundles - 	Entry: C:\Users\Mustafa\.p2\pool\plugins\org.eclipse.m2e.maven.runtime_3.9.900.20240824-1409\jars\plexus-component-annotations-2.1.0.jar
2024-11-12 10:25:04,195 [Worker-10: Launching mavenrun-97bf0e07-2d8d-4d9c-b245-52d10a2c1c4a] INFO  o.eclipse.m2e.core.internal.Bundles - 	Entry: C:\Users\Mustafa\.p2\pool\plugins\org.eclipse.m2e.maven.runtime_3.9.900.20240824-1409\jars\plexus-interpolation-1.27.jar
2024-11-12 10:25:04,195 [Worker-10: Launching mavenrun-97bf0e07-2d8d-4d9c-b245-52d10a2c1c4a] INFO  o.eclipse.m2e.core.internal.Bundles - 	Entry: C:\Users\Mustafa\.p2\pool\plugins\org.eclipse.m2e.maven.runtime_3.9.900.20240824-1409\jars\plexus-sec-dispatcher-2.0.jar
2024-11-12 10:25:04,195 [Worker-10: Launching mavenrun-97bf0e07-2d8d-4d9c-b245-52d10a2c1c4a] INFO  o.eclipse.m2e.core.internal.Bundles - 	Entry: C:\Users\Mustafa\.p2\pool\plugins\org.eclipse.m2e.maven.runtime_3.9.900.20240824-1409\jars\plexus-utils-3.5.1.jar
2024-11-12 10:25:04,195 [Worker-10: Launching mavenrun-97bf0e07-2d8d-4d9c-b245-52d10a2c1c4a] INFO  o.eclipse.m2e.core.internal.Bundles - 	Entry: C:\Users\Mustafa\.p2\pool\plugins\org.eclipse.m2e.maven.runtime_3.9.900.20240824-1409\jars\plexus-xml-3.0.1.jar
2024-11-12 10:25:04,195 [Worker-10: Launching mavenrun-97bf0e07-2d8d-4d9c-b245-52d10a2c1c4a] INFO  o.eclipse.m2e.core.internal.Bundles - 	Entry: C:\Users\Mustafa\.p2\pool\plugins\org.eclipse.m2e.maven.runtime_3.9.900.20240824-1409\jars\wagon-file-3.5.3.jar
2024-11-12 10:25:04,195 [Worker-10: Launching mavenrun-97bf0e07-2d8d-4d9c-b245-52d10a2c1c4a] INFO  o.eclipse.m2e.core.internal.Bundles - 	Entry: C:\Users\Mustafa\.p2\pool\plugins\org.eclipse.m2e.maven.runtime_3.9.900.20240824-1409\jars\wagon-http-3.5.3.jar
2024-11-12 10:25:04,195 [Worker-10: Launching mavenrun-97bf0e07-2d8d-4d9c-b245-52d10a2c1c4a] INFO  o.eclipse.m2e.core.internal.Bundles - 	Entry: C:\Users\Mustafa\.p2\pool\plugins\org.eclipse.m2e.maven.runtime_3.9.900.20240824-1409\jars\wagon-http-shared-3.5.3.jar
2024-11-12 10:25:04,196 [Worker-10: Launching mavenrun-97bf0e07-2d8d-4d9c-b245-52d10a2c1c4a] INFO  o.eclipse.m2e.core.internal.Bundles - 	Entry: C:\Users\Mustafa\.p2\pool\plugins\org.eclipse.m2e.maven.runtime_3.9.900.20240824-1409\jars\wagon-provider-api-3.5.3.jar
2024-11-12 10:25:04,197 [Worker-10: Launching mavenrun-97bf0e07-2d8d-4d9c-b245-52d10a2c1c4a] INFO  o.eclipse.m2e.core.internal.Bundles - getClasspathEntries(Bundle=com.google.guava_33.3.0.jre [16])
2024-11-12 10:25:04,198 [Worker-10: Launching mavenrun-97bf0e07-2d8d-4d9c-b245-52d10a2c1c4a] INFO  o.eclipse.m2e.core.internal.Bundles - 	Entry: C:\Users\Mustafa\.p2\pool\plugins\com.google.guava_33.3.0.jre.jar
2024-11-12 10:25:04,198 [Worker-10: Launching mavenrun-97bf0e07-2d8d-4d9c-b245-52d10a2c1c4a] INFO  o.eclipse.m2e.core.internal.Bundles - getClasspathEntries(Bundle=slf4j.api_2.0.16 [1007])
2024-11-12 10:25:04,198 [Worker-10: Launching mavenrun-97bf0e07-2d8d-4d9c-b245-52d10a2c1c4a] INFO  o.eclipse.m2e.core.internal.Bundles - 	Entry: C:\Users\Mustafa\.p2\pool\plugins\slf4j.api_2.0.16.jar
2024-11-12 10:25:04,198 [Worker-10: Launching mavenrun-97bf0e07-2d8d-4d9c-b245-52d10a2c1c4a] INFO  o.eclipse.m2e.core.internal.Bundles - getClasspathEntries(Bundle=jakarta.inject.jakarta.inject-api_1.0.5 [34])
2024-11-12 10:25:04,198 [Worker-10: Launching mavenrun-97bf0e07-2d8d-4d9c-b245-52d10a2c1c4a] INFO  o.eclipse.m2e.core.internal.Bundles - 	Entry: C:\Users\Mustafa\.p2\pool\plugins\jakarta.inject.jakarta.inject-api_1.0.5.jar
2024-11-12 10:25:04,198 [Worker-10: Launching mavenrun-97bf0e07-2d8d-4d9c-b245-52d10a2c1c4a] INFO  o.eclipse.m2e.core.internal.Bundles - getClasspathEntries(Bundle=jakarta.annotation-api_1.3.5 [29])
2024-11-12 10:25:04,199 [Worker-10: Launching mavenrun-97bf0e07-2d8d-4d9c-b245-52d10a2c1c4a] INFO  o.eclipse.m2e.core.internal.Bundles - 	Entry: C:\Users\Mustafa\.p2\pool\plugins\jakarta.annotation-api_1.3.5.jar
2024-11-12 10:25:04,199 [Worker-10: Launching mavenrun-97bf0e07-2d8d-4d9c-b245-52d10a2c1c4a] INFO  o.eclipse.m2e.core.internal.Bundles - getClasspathEntries(Bundle=org.apache.commons.cli_1.9.0 [78])
2024-11-12 10:25:04,199 [Worker-10: Launching mavenrun-97bf0e07-2d8d-4d9c-b245-52d10a2c1c4a] INFO  o.eclipse.m2e.core.internal.Bundles - 	Entry: C:\Users\Mustafa\.p2\pool\plugins\org.apache.commons.cli_1.9.0.jar
2024-11-12 10:25:04,199 [Worker-10: Launching mavenrun-97bf0e07-2d8d-4d9c-b245-52d10a2c1c4a] INFO  o.eclipse.m2e.core.internal.Bundles - getClasspathEntries(Bundle=org.apache.commons.commons-codec_1.16.0 [81])
2024-11-12 10:25:04,199 [Worker-10: Launching mavenrun-97bf0e07-2d8d-4d9c-b245-52d10a2c1c4a] INFO  o.eclipse.m2e.core.internal.Bundles - 	Entry: C:\Users\Mustafa\.p2\pool\plugins\org.apache.commons.commons-codec_1.16.0.jar
2024-11-12 10:25:04,199 [Worker-10: Launching mavenrun-97bf0e07-2d8d-4d9c-b245-52d10a2c1c4a] INFO  o.eclipse.m2e.core.internal.Bundles - getClasspathEntries(Bundle=com.google.guava.failureaccess_1.0.2 [17])
2024-11-12 10:25:04,199 [Worker-10: Launching mavenrun-97bf0e07-2d8d-4d9c-b245-52d10a2c1c4a] INFO  o.eclipse.m2e.core.internal.Bundles - 	Entry: C:\Users\Mustafa\.p2\pool\plugins\com.google.guava.failureaccess_1.0.2.jar
2024-11-12 10:25:04,204 [Worker-10: Launching mavenrun-97bf0e07-2d8d-4d9c-b245-52d10a2c1c4a] INFO  o.e.m.i.launch.MavenLaunchDelegate - Run build in "C:\Users\Mustafa\AppData\Local\Temp\m2e-archetypeGenerator7383966081390482884":
2024-11-12 10:25:04,208 [Worker-10: Launching mavenrun-97bf0e07-2d8d-4d9c-b245-52d10a2c1c4a] INFO  o.e.m.i.launch.MavenLaunchDelegate -  mvn  -DjavaCompilerVersion=17 -DjunitVersion=5.11.0 -DarchetypeGroupId=org.apache.maven.archetypes -DarchetypeArtifactId=maven-archetype-quickstart -DarchetypeVersion=1.5 -DgroupId=nit -DartifactId=SpringCoreProj01-SetterInjection -Dversion=0.0.1-SNAPSHOT -Dpackage=com.nt.test -DoutputDirectory=C:\Users\Mustafa\eclipse-workspace\Spring\NTSPBMS715 -Dstyle.color=always -U archetype:generate
2024-11-12 10:26:25,886 [Worker-17: Creating maven-archetype-quickstart] INFO  o.e.m.c.i.p.ProjectConfigurationManager - Collecting project info '/pom.xml' C:\Users\Mustafa\eclipse-workspace\Spring\NTSPBMS715\SpringCoreProj01-SetterInjection\pom.xml
2024-11-12 10:26:26,536 [Worker-17: Creating maven-archetype-quickstart] INFO  o.e.m.c.i.l.LifecycleMappingFactory - Using org.eclipse.m2e.jdt.JarLifecycleMapping lifecycle mapping for MavenProject: nit:SpringCoreProj01-SetterInjection:0.0.1-SNAPSHOT @ C:\Users\Mustafa\eclipse-workspace\Spring\NTSPBMS715\SpringCoreProj01-SetterInjection\pom.xml.
2024-11-12 10:26:27,253 [Worker-17: Creating maven-archetype-quickstart] INFO  o.e.m.j.i.AbstractJavaProjectConfigurator - Adding source folder /SpringCoreProj01-SetterInjection/src/main/java
2024-11-12 10:26:27,256 [Worker-17: Creating maven-archetype-quickstart] INFO  o.e.m.j.i.AbstractJavaProjectConfigurator - Adding resource folder /SpringCoreProj01-SetterInjection/src/main/resources
2024-11-12 10:26:27,261 [Worker-17: Creating maven-archetype-quickstart] INFO  o.e.m.j.i.AbstractJavaProjectConfigurator - Adding source folder /SpringCoreProj01-SetterInjection/src/test/java
2024-11-12 10:26:27,263 [Worker-17: Creating maven-archetype-quickstart] INFO  o.e.m.j.i.AbstractJavaProjectConfigurator - Adding resource folder /SpringCoreProj01-SetterInjection/src/test/resources
2024-11-12 10:26:27,741 [Worker-17: Creating maven-archetype-quickstart] INFO  o.e.m.c.i.p.ProjectConfigurationManager - Imported and configured 1 project(s) in 1 sec
2024-11-12 10:26:28,837 [Worker-8: Building] INFO  o.a.m.s.f.DefaultMavenResourcesFiltering - skip non existing resourceDirectory C:\Users\Mustafa\eclipse-workspace\Spring\NTSPBMS715\SpringCoreProj01-SetterInjection\src\main\resources
2024-11-12 10:26:28,842 [Worker-8: Building] INFO  o.a.m.s.f.DefaultMavenResourcesFiltering - skip non existing resourceDirectory C:\Users\Mustafa\eclipse-workspace\Spring\NTSPBMS715\SpringCoreProj01-SetterInjection\src\test\resources
2024-11-12 11:05:48,377 [Worker-30: Building] INFO  o.e.m.c.i.l.LifecycleMappingFactory - Using org.eclipse.m2e.jdt.JarLifecycleMapping lifecycle mapping for MavenProject: nit:SpringCoreProj01-SetterInjection:0.0.1-SNAPSHOT @ C:\Users\Mustafa\eclipse-workspace\Spring\NTSPBMS715\SpringCoreProj01-SetterInjection\pom.xml.
2024-11-12 11:05:48,617 [Worker-30: Building] INFO  o.e.m.c.i.e.AbstractTransferListenerAdapter - Downloading https://repo.maven.apache.org/maven2/org/springframework/spring-context-support/6.1.14/spring-context-support-6.1.14.pom
2024-11-12 11:05:48,634 [Worker-30: Building] INFO  o.e.m.c.i.e.AbstractTransferListenerAdapter - Downloaded https://repo.maven.apache.org/maven2/org/springframework/spring-context-support/6.1.14/spring-context-support-6.1.14.pom
2024-11-12 11:05:48,665 [Worker-30: Building] INFO  o.e.m.c.i.e.AbstractTransferListenerAdapter - Downloading https://repo.maven.apache.org/maven2/org/springframework/spring-beans/6.1.14/spring-beans-6.1.14.pom
2024-11-12 11:05:48,671 [Worker-30: Building] INFO  o.e.m.c.i.e.AbstractTransferListenerAdapter - Downloaded https://repo.maven.apache.org/maven2/org/springframework/spring-beans/6.1.14/spring-beans-6.1.14.pom
2024-11-12 11:05:48,704 [Worker-30: Building] INFO  o.e.m.c.i.e.AbstractTransferListenerAdapter - Downloading https://repo.maven.apache.org/maven2/org/springframework/spring-core/6.1.14/spring-core-6.1.14.pom
2024-11-12 11:05:48,707 [Worker-30: Building] INFO  o.e.m.c.i.e.AbstractTransferListenerAdapter - Downloaded https://repo.maven.apache.org/maven2/org/springframework/spring-core/6.1.14/spring-core-6.1.14.pom
2024-11-12 11:05:48,739 [Worker-30: Building] INFO  o.e.m.c.i.e.AbstractTransferListenerAdapter - Downloading https://repo.maven.apache.org/maven2/org/springframework/spring-jcl/6.1.14/spring-jcl-6.1.14.pom
2024-11-12 11:05:48,743 [Worker-30: Building] INFO  o.e.m.c.i.e.AbstractTransferListenerAdapter - Downloaded https://repo.maven.apache.org/maven2/org/springframework/spring-jcl/6.1.14/spring-jcl-6.1.14.pom
2024-11-12 11:05:48,780 [Worker-30: Building] INFO  o.e.m.c.i.e.AbstractTransferListenerAdapter - Downloading https://repo.maven.apache.org/maven2/org/springframework/spring-context/6.1.14/spring-context-6.1.14.pom
2024-11-12 11:05:48,784 [Worker-30: Building] INFO  o.e.m.c.i.e.AbstractTransferListenerAdapter - Downloaded https://repo.maven.apache.org/maven2/org/springframework/spring-context/6.1.14/spring-context-6.1.14.pom
2024-11-12 11:05:48,817 [Worker-30: Building] INFO  o.e.m.c.i.e.AbstractTransferListenerAdapter - Downloading https://repo.maven.apache.org/maven2/org/springframework/spring-aop/6.1.14/spring-aop-6.1.14.pom
2024-11-12 11:05:48,821 [Worker-30: Building] INFO  o.e.m.c.i.e.AbstractTransferListenerAdapter - Downloaded https://repo.maven.apache.org/maven2/org/springframework/spring-aop/6.1.14/spring-aop-6.1.14.pom
2024-11-12 11:05:48,851 [Worker-30: Building] INFO  o.e.m.c.i.e.AbstractTransferListenerAdapter - Downloading https://repo.maven.apache.org/maven2/org/springframework/spring-expression/6.1.14/spring-expression-6.1.14.pom
2024-11-12 11:05:48,856 [Worker-30: Building] INFO  o.e.m.c.i.e.AbstractTransferListenerAdapter - Downloaded https://repo.maven.apache.org/maven2/org/springframework/spring-expression/6.1.14/spring-expression-6.1.14.pom
2024-11-12 11:05:48,891 [Worker-30: Building] INFO  o.e.m.c.i.e.AbstractTransferListenerAdapter - Downloading https://repo.maven.apache.org/maven2/io/micrometer/micrometer-observation/1.12.11/micrometer-observation-1.12.11.pom
2024-11-12 11:05:48,894 [Worker-30: Building] INFO  o.e.m.c.i.e.AbstractTransferListenerAdapter - Downloaded https://repo.maven.apache.org/maven2/io/micrometer/micrometer-observation/1.12.11/micrometer-observation-1.12.11.pom
2024-11-12 11:05:48,922 [Worker-30: Building] INFO  o.e.m.c.i.e.AbstractTransferListenerAdapter - Downloading https://repo.maven.apache.org/maven2/io/micrometer/micrometer-commons/1.12.11/micrometer-commons-1.12.11.pom
2024-11-12 11:05:48,926 [Worker-30: Building] INFO  o.e.m.c.i.e.AbstractTransferListenerAdapter - Downloaded https://repo.maven.apache.org/maven2/io/micrometer/micrometer-commons/1.12.11/micrometer-commons-1.12.11.pom
2024-11-12 11:05:48,963 [Worker-30: Building] INFO  o.e.m.c.i.e.AbstractTransferListenerAdapter - Downloading https://repo.maven.apache.org/maven2/org/springframework/spring-context-support/6.1.14/spring-context-support-6.1.14.jar
2024-11-12 11:05:48,996 [Worker-30: Building] INFO  o.e.m.c.i.e.AbstractTransferListenerAdapter - Downloaded https://repo.maven.apache.org/maven2/org/springframework/spring-context-support/6.1.14/spring-context-support-6.1.14.jar
2024-11-12 11:05:49,026 [BasicRepositoryConnector-repo.maven.apache.org-0-0] INFO  o.e.m.c.i.e.AbstractTransferListenerAdapter - Downloading https://repo.maven.apache.org/maven2/org/springframework/spring-beans/6.1.14/spring-beans-6.1.14.jar
2024-11-12 11:05:49,066 [BasicRepositoryConnector-repo.maven.apache.org-0-4] INFO  o.e.m.c.i.e.AbstractTransferListenerAdapter - Downloading https://repo.maven.apache.org/maven2/io/micrometer/micrometer-observation/1.12.11/micrometer-observation-1.12.11.jar
2024-11-12 11:05:49,071 [BasicRepositoryConnector-repo.maven.apache.org-0-2] INFO  o.e.m.c.i.e.AbstractTransferListenerAdapter - Downloading https://repo.maven.apache.org/maven2/org/springframework/spring-aop/6.1.14/spring-aop-6.1.14.jar
2024-11-12 11:05:49,077 [BasicRepositoryConnector-repo.maven.apache.org-0-0] INFO  o.e.m.c.i.e.AbstractTransferListenerAdapter - Downloaded https://repo.maven.apache.org/maven2/org/springframework/spring-beans/6.1.14/spring-beans-6.1.14.jar
2024-11-12 11:05:49,078 [BasicRepositoryConnector-repo.maven.apache.org-0-1] INFO  o.e.m.c.i.e.AbstractTransferListenerAdapter - Downloading https://repo.maven.apache.org/maven2/org/springframework/spring-context/6.1.14/spring-context-6.1.14.jar
2024-11-12 11:05:49,079 [BasicRepositoryConnector-repo.maven.apache.org-0-3] INFO  o.e.m.c.i.e.AbstractTransferListenerAdapter - Downloading https://repo.maven.apache.org/maven2/org/springframework/spring-expression/6.1.14/spring-expression-6.1.14.jar
2024-11-12 11:05:49,095 [BasicRepositoryConnector-repo.maven.apache.org-0-4] INFO  o.e.m.c.i.e.AbstractTransferListenerAdapter - Downloaded https://repo.maven.apache.org/maven2/io/micrometer/micrometer-observation/1.12.11/micrometer-observation-1.12.11.jar
2024-11-12 11:05:49,109 [BasicRepositoryConnector-repo.maven.apache.org-0-0] INFO  o.e.m.c.i.e.AbstractTransferListenerAdapter - Downloading https://repo.maven.apache.org/maven2/io/micrometer/micrometer-commons/1.12.11/micrometer-commons-1.12.11.jar
2024-11-12 11:05:49,113 [BasicRepositoryConnector-repo.maven.apache.org-0-0] INFO  o.e.m.c.i.e.AbstractTransferListenerAdapter - Downloaded https://repo.maven.apache.org/maven2/io/micrometer/micrometer-commons/1.12.11/micrometer-commons-1.12.11.jar
2024-11-12 11:05:49,121 [BasicRepositoryConnector-repo.maven.apache.org-0-4] INFO  o.e.m.c.i.e.AbstractTransferListenerAdapter - Downloading https://repo.maven.apache.org/maven2/org/springframework/spring-core/6.1.14/spring-core-6.1.14.jar
2024-11-12 11:05:49,133 [BasicRepositoryConnector-repo.maven.apache.org-0-2] INFO  o.e.m.c.i.e.AbstractTransferListenerAdapter - Downloaded https://repo.maven.apache.org/maven2/org/springframework/spring-aop/6.1.14/spring-aop-6.1.14.jar
2024-11-12 11:05:49,136 [BasicRepositoryConnector-repo.maven.apache.org-0-0] INFO  o.e.m.c.i.e.AbstractTransferListenerAdapter - Downloading https://repo.maven.apache.org/maven2/org/springframework/spring-jcl/6.1.14/spring-jcl-6.1.14.jar
2024-11-12 11:05:49,141 [BasicRepositoryConnector-repo.maven.apache.org-0-0] INFO  o.e.m.c.i.e.AbstractTransferListenerAdapter - Downloaded https://repo.maven.apache.org/maven2/org/springframework/spring-jcl/6.1.14/spring-jcl-6.1.14.jar
2024-11-12 11:05:49,144 [BasicRepositoryConnector-repo.maven.apache.org-0-3] INFO  o.e.m.c.i.e.AbstractTransferListenerAdapter - Downloaded https://repo.maven.apache.org/maven2/org/springframework/spring-expression/6.1.14/spring-expression-6.1.14.jar
2024-11-12 11:05:49,212 [BasicRepositoryConnector-repo.maven.apache.org-0-1] INFO  o.e.m.c.i.e.AbstractTransferListenerAdapter - Downloaded https://repo.maven.apache.org/maven2/org/springframework/spring-context/6.1.14/spring-context-6.1.14.jar
2024-11-12 11:05:49,240 [BasicRepositoryConnector-repo.maven.apache.org-0-4] INFO  o.e.m.c.i.e.AbstractTransferListenerAdapter - Downloaded https://repo.maven.apache.org/maven2/org/springframework/spring-core/6.1.14/spring-core-6.1.14.jar
2024-11-12 11:05:49,506 [Worker-30: Building] INFO  o.a.m.s.f.DefaultMavenResourcesFiltering - skip non existing resourceDirectory C:\Users\Mustafa\eclipse-workspace\Spring\NTSPBMS715\SpringCoreProj01-SetterInjection\src\main\resources
2024-11-12 11:05:49,513 [Worker-30: Building] INFO  o.a.m.s.f.DefaultMavenResourcesFiltering - skip non existing resourceDirectory C:\Users\Mustafa\eclipse-workspace\Spring\NTSPBMS715\SpringCoreProj01-SetterInjection\src\test\resources
2024-11-12 11:05:50,409 [Worker-30: Download sources and javadoc] INFO  o.e.m.c.i.e.AbstractTransferListenerAdapter - Downloading https://repo.maven.apache.org/maven2/org/springframework/spring-context-support/6.1.14/spring-context-support-6.1.14-sources.jar
2024-11-12 11:05:50,445 [Worker-30: Download sources and javadoc] INFO  o.e.m.c.i.e.AbstractTransferListenerAdapter - Downloaded https://repo.maven.apache.org/maven2/org/springframework/spring-context-support/6.1.14/spring-context-support-6.1.14-sources.jar
2024-11-12 11:05:50,449 [Worker-30: Download sources and javadoc] INFO  o.e.m.j.internal.DownloadSourcesJob - Downloaded sources for org.springframework:spring-context-support:6.1.14
2024-11-12 11:05:50,517 [Worker-30: Download sources and javadoc] INFO  o.e.m.c.i.e.AbstractTransferListenerAdapter - Downloading https://repo.maven.apache.org/maven2/org/springframework/spring-beans/6.1.14/spring-beans-6.1.14-sources.jar
2024-11-12 11:05:50,594 [Worker-30: Download sources and javadoc] INFO  o.e.m.c.i.e.AbstractTransferListenerAdapter - Downloaded https://repo.maven.apache.org/maven2/org/springframework/spring-beans/6.1.14/spring-beans-6.1.14-sources.jar
2024-11-12 11:05:50,598 [Worker-30: Download sources and javadoc] INFO  o.e.m.j.internal.DownloadSourcesJob - Downloaded sources for org.springframework:spring-beans:6.1.14
2024-11-12 11:05:50,680 [Worker-30: Download sources and javadoc] INFO  o.e.m.c.i.e.AbstractTransferListenerAdapter - Downloading https://repo.maven.apache.org/maven2/org/springframework/spring-context/6.1.14/spring-context-6.1.14-sources.jar
2024-11-12 11:05:50,683 [Worker-28: Building] INFO  o.a.m.s.f.DefaultMavenResourcesFiltering - skip non existing resourceDirectory C:\Users\Mustafa\eclipse-workspace\Spring\NTSPBMS715\SpringCoreProj01-SetterInjection\src\main\resources
2024-11-12 11:05:50,687 [Worker-28: Building] INFO  o.a.m.s.f.DefaultMavenResourcesFiltering - skip non existing resourceDirectory C:\Users\Mustafa\eclipse-workspace\Spring\NTSPBMS715\SpringCoreProj01-SetterInjection\src\test\resources
2024-11-12 11:05:50,776 [Worker-30: Download sources and javadoc] INFO  o.e.m.c.i.e.AbstractTransferListenerAdapter - Downloaded https://repo.maven.apache.org/maven2/org/springframework/spring-context/6.1.14/spring-context-6.1.14-sources.jar
2024-11-12 11:05:50,780 [Worker-30: Download sources and javadoc] INFO  o.e.m.j.internal.DownloadSourcesJob - Downloaded sources for org.springframework:spring-context:6.1.14
2024-11-12 11:05:50,890 [Worker-30: Download sources and javadoc] INFO  o.e.m.c.i.e.AbstractTransferListenerAdapter - Downloading https://repo.maven.apache.org/maven2/org/springframework/spring-aop/6.1.14/spring-aop-6.1.14-sources.jar
2024-11-12 11:05:50,947 [Worker-30: Download sources and javadoc] INFO  o.e.m.c.i.e.AbstractTransferListenerAdapter - Downloaded https://repo.maven.apache.org/maven2/org/springframework/spring-aop/6.1.14/spring-aop-6.1.14-sources.jar
2024-11-12 11:05:50,950 [Worker-30: Download sources and javadoc] INFO  o.e.m.j.internal.DownloadSourcesJob - Downloaded sources for org.springframework:spring-aop:6.1.14
2024-11-12 11:05:51,027 [Worker-30: Download sources and javadoc] INFO  o.e.m.c.i.e.AbstractTransferListenerAdapter - Downloading https://repo.maven.apache.org/maven2/org/springframework/spring-expression/6.1.14/spring-expression-6.1.14-sources.jar
2024-11-12 11:05:51,077 [Worker-30: Download sources and javadoc] INFO  o.e.m.c.i.e.AbstractTransferListenerAdapter - Downloaded https://repo.maven.apache.org/maven2/org/springframework/spring-expression/6.1.14/spring-expression-6.1.14-sources.jar
2024-11-12 11:05:51,083 [Worker-30: Download sources and javadoc] INFO  o.e.m.j.internal.DownloadSourcesJob - Downloaded sources for org.springframework:spring-expression:6.1.14
2024-11-12 11:05:51,173 [Worker-30: Download sources and javadoc] INFO  o.e.m.c.i.e.AbstractTransferListenerAdapter - Downloading https://repo.maven.apache.org/maven2/io/micrometer/micrometer-observation/1.12.11/micrometer-observation-1.12.11-sources.jar
2024-11-12 11:05:51,197 [Worker-30: Download sources and javadoc] INFO  o.e.m.c.i.e.AbstractTransferListenerAdapter - Downloaded https://repo.maven.apache.org/maven2/io/micrometer/micrometer-observation/1.12.11/micrometer-observation-1.12.11-sources.jar
2024-11-12 11:05:51,203 [Worker-30: Download sources and javadoc] INFO  o.e.m.j.internal.DownloadSourcesJob - Downloaded sources for io.micrometer:micrometer-observation:1.12.11
2024-11-12 11:05:51,280 [Worker-30: Download sources and javadoc] INFO  o.e.m.c.i.e.AbstractTransferListenerAdapter - Downloading https://repo.maven.apache.org/maven2/io/micrometer/micrometer-commons/1.12.11/micrometer-commons-1.12.11-sources.jar
2024-11-12 11:05:51,300 [Worker-30: Download sources and javadoc] INFO  o.e.m.c.i.e.AbstractTransferListenerAdapter - Downloaded https://repo.maven.apache.org/maven2/io/micrometer/micrometer-commons/1.12.11/micrometer-commons-1.12.11-sources.jar
2024-11-12 11:05:51,304 [Worker-30: Download sources and javadoc] INFO  o.e.m.j.internal.DownloadSourcesJob - Downloaded sources for io.micrometer:micrometer-commons:1.12.11
2024-11-12 11:05:51,374 [Worker-30: Download sources and javadoc] INFO  o.e.m.c.i.e.AbstractTransferListenerAdapter - Downloading https://repo.maven.apache.org/maven2/org/springframework/spring-core/6.1.14/spring-core-6.1.14-sources.jar
2024-11-12 11:05:51,484 [Worker-30: Download sources and javadoc] INFO  o.e.m.c.i.e.AbstractTransferListenerAdapter - Downloaded https://repo.maven.apache.org/maven2/org/springframework/spring-core/6.1.14/spring-core-6.1.14-sources.jar
2024-11-12 11:05:51,488 [Worker-30: Download sources and javadoc] INFO  o.e.m.j.internal.DownloadSourcesJob - Downloaded sources for org.springframework:spring-core:6.1.14
2024-11-12 11:05:51,564 [Worker-30: Download sources and javadoc] INFO  o.e.m.c.i.e.AbstractTransferListenerAdapter - Downloading https://repo.maven.apache.org/maven2/org/springframework/spring-jcl/6.1.14/spring-jcl-6.1.14-sources.jar
2024-11-12 11:05:51,567 [Worker-30: Download sources and javadoc] INFO  o.e.m.c.i.e.AbstractTransferListenerAdapter - Downloaded https://repo.maven.apache.org/maven2/org/springframework/spring-jcl/6.1.14/spring-jcl-6.1.14-sources.jar
2024-11-12 11:05:51,570 [Worker-30: Download sources and javadoc] INFO  o.e.m.j.internal.DownloadSourcesJob - Downloaded sources for org.springframework:spring-jcl:6.1.14
2024-11-12 11:07:57,670 [Worker-34: Building] INFO  o.a.m.s.f.DefaultMavenResourcesFiltering - skip non existing resourceDirectory C:\Users\Mustafa\eclipse-workspace\Spring\NTSPBMS715\SpringCoreProj01-SetterInjection\src\main\resources
2024-11-12 11:07:57,674 [Worker-34: Building] INFO  o.a.m.s.f.DefaultMavenResourcesFiltering - skip non existing resourceDirectory C:\Users\Mustafa\eclipse-workspace\Spring\NTSPBMS715\SpringCoreProj01-SetterInjection\src\test\resources
2024-11-12 11:14:22,708 [Worker-37: Building] INFO  o.a.m.s.f.DefaultMavenResourcesFiltering - skip non existing resourceDirectory C:\Users\Mustafa\eclipse-workspace\Spring\NTSPBMS715\SpringCoreProj01-SetterInjection\src\main\resources
2024-11-12 11:14:22,715 [Worker-37: Building] INFO  o.a.m.s.f.DefaultMavenResourcesFiltering - skip non existing resourceDirectory C:\Users\Mustafa\eclipse-workspace\Spring\NTSPBMS715\SpringCoreProj01-SetterInjection\src\test\resources
2024-11-12 11:16:06,574 [Worker-37: Building] INFO  o.a.m.s.f.DefaultMavenResourcesFiltering - skip non existing resourceDirectory C:\Users\Mustafa\eclipse-workspace\Spring\NTSPBMS715\SpringCoreProj01-SetterInjection\src\main\resources
2024-11-12 11:16:06,577 [Worker-37: Building] INFO  o.a.m.s.f.DefaultMavenResourcesFiltering - skip non existing resourceDirectory C:\Users\Mustafa\eclipse-workspace\Spring\NTSPBMS715\SpringCoreProj01-SetterInjection\src\test\resources
2024-11-12 11:16:20,148 [Worker-39: Building] INFO  o.a.m.s.f.DefaultMavenResourcesFiltering - skip non existing resourceDirectory C:\Users\Mustafa\eclipse-workspace\Spring\NTSPBMS715\SpringCoreProj01-SetterInjection\src\main\resources
2024-11-12 11:16:20,150 [Worker-39: Building] INFO  o.a.m.s.f.DefaultMavenResourcesFiltering - skip non existing resourceDirectory C:\Users\Mustafa\eclipse-workspace\Spring\NTSPBMS715\SpringCoreProj01-SetterInjection\src\test\resources
2024-11-12 11:16:28,958 [Worker-38: Building] INFO  o.a.m.s.f.DefaultMavenResourcesFiltering - skip non existing resourceDirectory C:\Users\Mustafa\eclipse-workspace\Spring\NTSPBMS715\SpringCoreProj01-SetterInjection\src\main\resources
2024-11-12 11:16:28,960 [Worker-38: Building] INFO  o.a.m.s.f.DefaultMavenResourcesFiltering - skip non existing resourceDirectory C:\Users\Mustafa\eclipse-workspace\Spring\NTSPBMS715\SpringCoreProj01-SetterInjection\src\test\resources
2024-11-12 11:19:19,674 [Worker-37: Building] INFO  o.a.m.s.f.DefaultMavenResourcesFiltering - skip non existing resourceDirectory C:\Users\Mustafa\eclipse-workspace\Spring\NTSPBMS715\SpringCoreProj01-SetterInjection\src\main\resources
2024-11-12 11:19:19,677 [Worker-37: Building] INFO  o.a.m.s.f.DefaultMavenResourcesFiltering - skip non existing resourceDirectory C:\Users\Mustafa\eclipse-workspace\Spring\NTSPBMS715\SpringCoreProj01-SetterInjection\src\test\resources
2024-11-12 11:19:24,152 [Worker-41: Building] INFO  o.a.m.s.f.DefaultMavenResourcesFiltering - skip non existing resourceDirectory C:\Users\Mustafa\eclipse-workspace\Spring\NTSPBMS715\SpringCoreProj01-SetterInjection\src\main\resources
2024-11-12 11:19:24,155 [Worker-41: Building] INFO  o.a.m.s.f.DefaultMavenResourcesFiltering - skip non existing resourceDirectory C:\Users\Mustafa\eclipse-workspace\Spring\NTSPBMS715\SpringCoreProj01-SetterInjection\src\test\resources
2024-11-12 11:20:31,571 [Worker-38: Building] INFO  o.a.m.s.f.DefaultMavenResourcesFiltering - skip non existing resourceDirectory C:\Users\Mustafa\eclipse-workspace\Spring\NTSPBMS715\SpringCoreProj01-SetterInjection\src\main\resources
2024-11-12 11:20:31,574 [Worker-38: Building] INFO  o.a.m.s.f.DefaultMavenResourcesFiltering - skip non existing resourceDirectory C:\Users\Mustafa\eclipse-workspace\Spring\NTSPBMS715\SpringCoreProj01-SetterInjection\src\test\resources
2024-11-12 11:22:59,979 [Worker-36: Building] INFO  o.a.m.s.f.DefaultMavenResourcesFiltering - skip non existing resourceDirectory C:\Users\Mustafa\eclipse-workspace\Spring\NTSPBMS715\SpringCoreProj01-SetterInjection\src\main\resources
2024-11-12 11:22:59,984 [Worker-36: Building] INFO  o.a.m.s.f.DefaultMavenResourcesFiltering - skip non existing resourceDirectory C:\Users\Mustafa\eclipse-workspace\Spring\NTSPBMS715\SpringCoreProj01-SetterInjection\src\test\resources
2024-11-12 11:35:01,107 [Worker-46: Building] INFO  o.a.m.s.f.DefaultMavenResourcesFiltering - skip non existing resourceDirectory C:\Users\Mustafa\eclipse-workspace\Spring\NTSPBMS715\SpringCoreProj01-SetterInjection\src\main\resources
2024-11-12 11:35:01,110 [Worker-46: Building] INFO  o.a.m.s.f.DefaultMavenResourcesFiltering - skip non existing resourceDirectory C:\Users\Mustafa\eclipse-workspace\Spring\NTSPBMS715\SpringCoreProj01-SetterInjection\src\test\resources
2024-11-12 12:37:02,926 [Worker-58: Building] INFO  o.a.m.s.f.DefaultMavenResourcesFiltering - skip non existing resourceDirectory C:\Users\Mustafa\eclipse-workspace\Spring\NTSPBMS715\SpringCoreProj01-SetterInjection\src\main\resources
2024-11-12 12:37:02,935 [Worker-58: Building] INFO  o.a.m.s.f.DefaultMavenResourcesFiltering - skip non existing resourceDirectory C:\Users\Mustafa\eclipse-workspace\Spring\NTSPBMS715\SpringCoreProj01-SetterInjection\src\test\resources
2024-11-12 12:42:00,191 [Worker-62: Building] INFO  o.a.m.s.f.DefaultMavenResourcesFiltering - skip non existing resourceDirectory C:\Users\Mustafa\eclipse-workspace\Spring\NTSPBMS715\SpringCoreProj01-SetterInjection\src\main\resources
2024-11-12 12:42:00,195 [Worker-62: Building] INFO  o.a.m.s.f.DefaultMavenResourcesFiltering - skip non existing resourceDirectory C:\Users\Mustafa\eclipse-workspace\Spring\NTSPBMS715\SpringCoreProj01-SetterInjection\src\test\resources
2024-11-12 12:42:05,124 [Worker-58: Building] INFO  o.a.m.s.f.DefaultMavenResourcesFiltering - skip non existing resourceDirectory C:\Users\Mustafa\eclipse-workspace\Spring\NTSPBMS715\SpringCoreProj01-SetterInjection\src\main\resources
2024-11-12 12:42:05,130 [Worker-58: Building] INFO  o.a.m.s.f.DefaultMavenResourcesFiltering - skip non existing resourceDirectory C:\Users\Mustafa\eclipse-workspace\Spring\NTSPBMS715\SpringCoreProj01-SetterInjection\src\test\resources
2024-11-12 12:42:10,055 [Worker-62: Building] INFO  o.a.m.s.f.DefaultMavenResourcesFiltering - skip non existing resourceDirectory C:\Users\Mustafa\eclipse-workspace\Spring\NTSPBMS715\SpringCoreProj01-SetterInjection\src\main\resources
2024-11-12 12:42:10,059 [Worker-62: Building] INFO  o.a.m.s.f.DefaultMavenResourcesFiltering - skip non existing resourceDirectory C:\Users\Mustafa\eclipse-workspace\Spring\NTSPBMS715\SpringCoreProj01-SetterInjection\src\test\resources
2024-11-12 12:42:15,659 [Worker-64: Building] INFO  o.a.m.s.f.DefaultMavenResourcesFiltering - skip non existing resourceDirectory C:\Users\Mustafa\eclipse-workspace\Spring\NTSPBMS715\SpringCoreProj01-SetterInjection\src\main\resources
2024-11-12 12:42:15,665 [Worker-64: Building] INFO  o.a.m.s.f.DefaultMavenResourcesFiltering - skip non existing resourceDirectory C:\Users\Mustafa\eclipse-workspace\Spring\NTSPBMS715\SpringCoreProj01-SetterInjection\src\test\resources
2024-11-12 12:44:41,074 [Worker-64: Building] INFO  o.a.m.s.f.DefaultMavenResourcesFiltering - skip non existing resourceDirectory C:\Users\Mustafa\eclipse-workspace\Spring\NTSPBMS715\SpringCoreProj01-SetterInjection\src\main\resources
2024-11-12 12:44:41,077 [Worker-64: Building] INFO  o.a.m.s.f.DefaultMavenResourcesFiltering - skip non existing resourceDirectory C:\Users\Mustafa\eclipse-workspace\Spring\NTSPBMS715\SpringCoreProj01-SetterInjection\src\test\resources
2024-11-12 12:44:45,955 [Worker-56: Building] INFO  o.a.m.s.f.DefaultMavenResourcesFiltering - skip non existing resourceDirectory C:\Users\Mustafa\eclipse-workspace\Spring\NTSPBMS715\SpringCoreProj01-SetterInjection\src\main\resources
2024-11-12 12:44:45,990 [Worker-56: Building] INFO  o.a.m.s.f.DefaultMavenResourcesFiltering - skip non existing resourceDirectory C:\Users\Mustafa\eclipse-workspace\Spring\NTSPBMS715\SpringCoreProj01-SetterInjection\src\test\resources
2024-11-12 12:44:51,547 [Worker-64: Building] INFO  o.a.m.s.f.DefaultMavenResourcesFiltering - skip non existing resourceDirectory C:\Users\Mustafa\eclipse-workspace\Spring\NTSPBMS715\SpringCoreProj01-SetterInjection\src\main\resources
2024-11-12 12:44:51,549 [Worker-64: Building] INFO  o.a.m.s.f.DefaultMavenResourcesFiltering - skip non existing resourceDirectory C:\Users\Mustafa\eclipse-workspace\Spring\NTSPBMS715\SpringCoreProj01-SetterInjection\src\test\resources
2024-11-12 12:54:33,198 [Worker-1: Loading available Gradle versions] INFO  o.e.b.c.i.u.g.PublishedGradleVersions - Gradle version information cache is up-to-date. Trying to read.
2024-11-12 13:13:07,138 [Worker-2: Building] INFO  o.a.m.s.f.DefaultMavenResourcesFiltering - skip non existing resourceDirectory C:\Users\Mustafa\eclipse-workspace\Spring\NTSPBMS715\SpringCoreProj01-SetterInjection\src\main\resources
2024-11-12 13:13:07,145 [Worker-2: Building] INFO  o.a.m.s.f.DefaultMavenResourcesFiltering - skip non existing resourceDirectory C:\Users\Mustafa\eclipse-workspace\Spring\NTSPBMS715\SpringCoreProj01-SetterInjection\src\test\resources
2024-11-12 13:20:22,395 [Worker-32: Download sources and javadoc] INFO  o.e.m.j.internal.DownloadSourcesJob - Downloaded sources for org.junit.jupiter:junit-jupiter-api:5.11.0
2024-11-12 13:20:22,688 [Worker-32: Download sources and javadoc] INFO  o.e.m.c.i.e.AbstractTransferListenerAdapter - Downloading https://repo.maven.apache.org/maven2/org/junit/jupiter/junit-jupiter-api/5.11.0/junit-jupiter-api-5.11.0-javadoc.jar
2024-11-12 13:20:22,793 [Worker-32: Download sources and javadoc] INFO  o.e.m.c.i.e.AbstractTransferListenerAdapter - Downloaded https://repo.maven.apache.org/maven2/org/junit/jupiter/junit-jupiter-api/5.11.0/junit-jupiter-api-5.11.0-javadoc.jar
2024-11-12 13:20:22,797 [Worker-32: Download sources and javadoc] INFO  o.e.m.j.internal.DownloadSourcesJob - Downloaded javadoc for org.junit.jupiter:junit-jupiter-api:5.11.0
2024-11-12 13:20:22,805 [Worker-32: Download sources and javadoc] INFO  o.e.m.j.internal.DownloadSourcesJob - Downloaded sources for org.opentest4j:opentest4j:1.3.0
2024-11-12 13:20:22,874 [Worker-32: Download sources and javadoc] INFO  o.e.m.c.i.e.AbstractTransferListenerAdapter - Downloading https://repo.maven.apache.org/maven2/org/opentest4j/opentest4j/1.3.0/opentest4j-1.3.0-javadoc.jar
2024-11-12 13:20:22,898 [Worker-32: Download sources and javadoc] INFO  o.e.m.c.i.e.AbstractTransferListenerAdapter - Downloaded https://repo.maven.apache.org/maven2/org/opentest4j/opentest4j/1.3.0/opentest4j-1.3.0-javadoc.jar
2024-11-12 13:20:22,900 [Worker-32: Download sources and javadoc] INFO  o.e.m.j.internal.DownloadSourcesJob - Downloaded javadoc for org.opentest4j:opentest4j:1.3.0
2024-11-12 13:20:22,906 [Worker-32: Download sources and javadoc] INFO  o.e.m.j.internal.DownloadSourcesJob - Downloaded sources for org.junit.platform:junit-platform-commons:1.11.0
2024-11-12 13:20:22,973 [Worker-32: Download sources and javadoc] INFO  o.e.m.c.i.e.AbstractTransferListenerAdapter - Downloading https://repo.maven.apache.org/maven2/org/junit/platform/junit-platform-commons/1.11.0/junit-platform-commons-1.11.0-javadoc.jar
2024-11-12 13:20:23,043 [Worker-32: Download sources and javadoc] INFO  o.e.m.c.i.e.AbstractTransferListenerAdapter - Downloaded https://repo.maven.apache.org/maven2/org/junit/platform/junit-platform-commons/1.11.0/junit-platform-commons-1.11.0-javadoc.jar
2024-11-12 13:20:23,047 [Worker-32: Download sources and javadoc] INFO  o.e.m.j.internal.DownloadSourcesJob - Downloaded javadoc for org.junit.platform:junit-platform-commons:1.11.0
2024-11-12 13:20:23,052 [Worker-32: Download sources and javadoc] INFO  o.e.m.j.internal.DownloadSourcesJob - Downloaded sources for org.apiguardian:apiguardian-api:1.1.2
2024-11-12 13:20:23,150 [Worker-32: Download sources and javadoc] INFO  o.e.m.c.i.e.AbstractTransferListenerAdapter - Downloading https://repo.maven.apache.org/maven2/org/apiguardian/apiguardian-api/1.1.2/apiguardian-api-1.1.2-javadoc.jar
2024-11-12 13:20:23,270 [Worker-32: Download sources and javadoc] INFO  o.e.m.c.i.e.AbstractTransferListenerAdapter - Downloaded https://repo.maven.apache.org/maven2/org/apiguardian/apiguardian-api/1.1.2/apiguardian-api-1.1.2-javadoc.jar
2024-11-12 13:20:23,274 [Worker-32: Download sources and javadoc] INFO  o.e.m.j.internal.DownloadSourcesJob - Downloaded javadoc for org.apiguardian:apiguardian-api:1.1.2
2024-11-12 13:20:23,280 [Worker-32: Download sources and javadoc] INFO  o.e.m.j.internal.DownloadSourcesJob - Downloaded sources for org.junit.jupiter:junit-jupiter-params:5.11.0
2024-11-12 13:20:23,371 [Worker-32: Download sources and javadoc] INFO  o.e.m.c.i.e.AbstractTransferListenerAdapter - Downloading https://repo.maven.apache.org/maven2/org/junit/jupiter/junit-jupiter-params/5.11.0/junit-jupiter-params-5.11.0-javadoc.jar
2024-11-12 13:20:23,458 [Worker-32: Download sources and javadoc] INFO  o.e.m.c.i.e.AbstractTransferListenerAdapter - Downloaded https://repo.maven.apache.org/maven2/org/junit/jupiter/junit-jupiter-params/5.11.0/junit-jupiter-params-5.11.0-javadoc.jar
2024-11-12 13:20:23,461 [Worker-32: Download sources and javadoc] INFO  o.e.m.j.internal.DownloadSourcesJob - Downloaded javadoc for org.junit.jupiter:junit-jupiter-params:5.11.0
2024-11-12 13:20:23,466 [Worker-32: Download sources and javadoc] INFO  o.e.m.j.internal.DownloadSourcesJob - Downloaded sources for org.springframework:spring-context-support:6.1.14
2024-11-12 13:20:23,552 [Worker-32: Download sources and javadoc] INFO  o.e.m.c.i.e.AbstractTransferListenerAdapter - Downloading https://repo.maven.apache.org/maven2/org/springframework/spring-context-support/6.1.14/spring-context-support-6.1.14-javadoc.jar
2024-11-12 13:20:23,688 [Worker-32: Download sources and javadoc] INFO  o.e.m.c.i.e.AbstractTransferListenerAdapter - Downloaded https://repo.maven.apache.org/maven2/org/springframework/spring-context-support/6.1.14/spring-context-support-6.1.14-javadoc.jar
2024-11-12 13:20:23,691 [Worker-32: Download sources and javadoc] INFO  o.e.m.j.internal.DownloadSourcesJob - Downloaded javadoc for org.springframework:spring-context-support:6.1.14
2024-11-12 13:20:23,698 [Worker-32: Download sources and javadoc] INFO  o.e.m.j.internal.DownloadSourcesJob - Downloaded sources for org.springframework:spring-beans:6.1.14
2024-11-12 13:20:23,765 [Worker-32: Download sources and javadoc] INFO  o.e.m.c.i.e.AbstractTransferListenerAdapter - Downloading https://repo.maven.apache.org/maven2/org/springframework/spring-beans/6.1.14/spring-beans-6.1.14-javadoc.jar
2024-11-12 13:20:24,031 [Worker-32: Download sources and javadoc] INFO  o.e.m.c.i.e.AbstractTransferListenerAdapter - Downloaded https://repo.maven.apache.org/maven2/org/springframework/spring-beans/6.1.14/spring-beans-6.1.14-javadoc.jar
2024-11-12 13:20:24,034 [Worker-32: Download sources and javadoc] INFO  o.e.m.j.internal.DownloadSourcesJob - Downloaded javadoc for org.springframework:spring-beans:6.1.14
2024-11-12 13:20:24,039 [Worker-32: Download sources and javadoc] INFO  o.e.m.j.internal.DownloadSourcesJob - Downloaded sources for org.springframework:spring-context:6.1.14
2024-11-12 13:20:24,128 [Worker-32: Download sources and javadoc] INFO  o.e.m.c.i.e.AbstractTransferListenerAdapter - Downloading https://repo.maven.apache.org/maven2/org/springframework/spring-context/6.1.14/spring-context-6.1.14-javadoc.jar
2024-11-12 13:20:24,464 [Worker-32: Download sources and javadoc] INFO  o.e.m.c.i.e.AbstractTransferListenerAdapter - Downloaded https://repo.maven.apache.org/maven2/org/springframework/spring-context/6.1.14/spring-context-6.1.14-javadoc.jar
2024-11-12 13:20:24,467 [Worker-32: Download sources and javadoc] INFO  o.e.m.j.internal.DownloadSourcesJob - Downloaded javadoc for org.springframework:spring-context:6.1.14
2024-11-12 13:20:24,472 [Worker-32: Download sources and javadoc] INFO  o.e.m.j.internal.DownloadSourcesJob - Downloaded sources for org.springframework:spring-aop:6.1.14
2024-11-12 13:20:24,583 [Worker-32: Download sources and javadoc] INFO  o.e.m.c.i.e.AbstractTransferListenerAdapter - Downloading https://repo.maven.apache.org/maven2/org/springframework/spring-aop/6.1.14/spring-aop-6.1.14-javadoc.jar
2024-11-12 13:20:24,716 [Worker-32: Download sources and javadoc] INFO  o.e.m.c.i.e.AbstractTransferListenerAdapter - Downloaded https://repo.maven.apache.org/maven2/org/springframework/spring-aop/6.1.14/spring-aop-6.1.14-javadoc.jar
2024-11-12 13:20:24,720 [Worker-32: Download sources and javadoc] INFO  o.e.m.j.internal.DownloadSourcesJob - Downloaded javadoc for org.springframework:spring-aop:6.1.14
2024-11-12 13:20:24,730 [Worker-32: Download sources and javadoc] INFO  o.e.m.j.internal.DownloadSourcesJob - Downloaded sources for org.springframework:spring-expression:6.1.14
2024-11-12 13:20:24,829 [Worker-32: Download sources and javadoc] INFO  o.e.m.c.i.e.AbstractTransferListenerAdapter - Downloading https://repo.maven.apache.org/maven2/org/springframework/spring-expression/6.1.14/spring-expression-6.1.14-javadoc.jar
2024-11-12 13:20:24,953 [Worker-32: Download sources and javadoc] INFO  o.e.m.c.i.e.AbstractTransferListenerAdapter - Downloaded https://repo.maven.apache.org/maven2/org/springframework/spring-expression/6.1.14/spring-expression-6.1.14-javadoc.jar
2024-11-12 13:20:24,956 [Worker-32: Download sources and javadoc] INFO  o.e.m.j.internal.DownloadSourcesJob - Downloaded javadoc for org.springframework:spring-expression:6.1.14
2024-11-12 13:20:24,960 [Worker-32: Download sources and javadoc] INFO  o.e.m.j.internal.DownloadSourcesJob - Downloaded sources for io.micrometer:micrometer-observation:1.12.11
2024-11-12 13:20:25,105 [Worker-32: Download sources and javadoc] INFO  o.e.m.c.i.e.AbstractTransferListenerAdapter - Downloading https://repo.maven.apache.org/maven2/io/micrometer/micrometer-observation/1.12.11/micrometer-observation-1.12.11-javadoc.jar
2024-11-12 13:20:25,155 [Worker-32: Download sources and javadoc] INFO  o.e.m.c.i.e.AbstractTransferListenerAdapter - Downloaded https://repo.maven.apache.org/maven2/io/micrometer/micrometer-observation/1.12.11/micrometer-observation-1.12.11-javadoc.jar
2024-11-12 13:20:25,160 [Worker-32: Download sources and javadoc] INFO  o.e.m.j.internal.DownloadSourcesJob - Downloaded javadoc for io.micrometer:micrometer-observation:1.12.11
2024-11-12 13:20:25,166 [Worker-32: Download sources and javadoc] INFO  o.e.m.j.internal.DownloadSourcesJob - Downloaded sources for io.micrometer:micrometer-commons:1.12.11
2024-11-12 13:20:25,249 [Worker-32: Download sources and javadoc] INFO  o.e.m.c.i.e.AbstractTransferListenerAdapter - Downloading https://repo.maven.apache.org/maven2/io/micrometer/micrometer-commons/1.12.11/micrometer-commons-1.12.11-javadoc.jar
2024-11-12 13:20:25,287 [Worker-32: Download sources and javadoc] INFO  o.e.m.c.i.e.AbstractTransferListenerAdapter - Downloaded https://repo.maven.apache.org/maven2/io/micrometer/micrometer-commons/1.12.11/micrometer-commons-1.12.11-javadoc.jar
2024-11-12 13:20:25,291 [Worker-32: Download sources and javadoc] INFO  o.e.m.j.internal.DownloadSourcesJob - Downloaded javadoc for io.micrometer:micrometer-commons:1.12.11
2024-11-12 13:20:25,296 [Worker-32: Download sources and javadoc] INFO  o.e.m.j.internal.DownloadSourcesJob - Downloaded sources for org.springframework:spring-core:6.1.14
2024-11-12 13:20:25,373 [Worker-32: Download sources and javadoc] INFO  o.e.m.c.i.e.AbstractTransferListenerAdapter - Downloading https://repo.maven.apache.org/maven2/org/springframework/spring-core/6.1.14/spring-core-6.1.14-javadoc.jar
2024-11-12 13:20:25,599 [Worker-32: Download sources and javadoc] INFO  o.e.m.c.i.e.AbstractTransferListenerAdapter - Downloaded https://repo.maven.apache.org/maven2/org/springframework/spring-core/6.1.14/spring-core-6.1.14-javadoc.jar
2024-11-12 13:20:25,603 [Worker-32: Download sources and javadoc] INFO  o.e.m.j.internal.DownloadSourcesJob - Downloaded javadoc for org.springframework:spring-core:6.1.14
2024-11-12 13:20:25,607 [Worker-32: Download sources and javadoc] INFO  o.e.m.j.internal.DownloadSourcesJob - Downloaded sources for org.springframework:spring-jcl:6.1.14
2024-11-12 13:20:25,687 [Worker-32: Download sources and javadoc] INFO  o.e.m.c.i.e.AbstractTransferListenerAdapter - Downloading https://repo.maven.apache.org/maven2/org/springframework/spring-jcl/6.1.14/spring-jcl-6.1.14-javadoc.jar
2024-11-12 13:20:25,740 [Worker-32: Download sources and javadoc] INFO  o.e.m.c.i.e.AbstractTransferListenerAdapter - Downloaded https://repo.maven.apache.org/maven2/org/springframework/spring-jcl/6.1.14/spring-jcl-6.1.14-javadoc.jar
2024-11-12 13:20:25,743 [Worker-32: Download sources and javadoc] INFO  o.e.m.j.internal.DownloadSourcesJob - Downloaded javadoc for org.springframework:spring-jcl:6.1.14
2024-11-12 13:47:01,893 [Worker-4: Loading available Gradle versions] INFO  o.e.b.c.i.u.g.PublishedGradleVersions - Gradle version information cache is up-to-date. Trying to read.
2024-11-12 13:48:35,053 [Worker-3: Building] INFO  o.a.m.s.f.DefaultMavenResourcesFiltering - skip non existing resourceDirectory C:\Users\Mustafa\eclipse-workspace\Spring\NTSPBMS715\SpringCoreProj01-SetterInjection\src\main\resources
2024-11-12 13:48:35,061 [Worker-3: Building] INFO  o.a.m.s.f.DefaultMavenResourcesFiltering - skip non existing resourceDirectory C:\Users\Mustafa\eclipse-workspace\Spring\NTSPBMS715\SpringCoreProj01-SetterInjection\src\test\resources
2024-11-12 13:48:51,501 [Worker-1: Building] INFO  o.a.m.s.f.DefaultMavenResourcesFiltering - skip non existing resourceDirectory C:\Users\Mustafa\eclipse-workspace\Spring\NTSPBMS715\SpringCoreProj01-SetterInjection\src\main\resources
2024-11-12 13:48:51,504 [Worker-1: Building] INFO  o.a.m.s.f.DefaultMavenResourcesFiltering - skip non existing resourceDirectory C:\Users\Mustafa\eclipse-workspace\Spring\NTSPBMS715\SpringCoreProj01-SetterInjection\src\test\resources
2024-11-12 13:49:22,404 [Worker-17: Building] INFO  o.a.m.s.f.DefaultMavenResourcesFiltering - skip non existing resourceDirectory C:\Users\Mustafa\eclipse-workspace\Spring\NTSPBMS715\SpringCoreProj01-SetterInjection\src\main\resources
2024-11-12 13:49:22,409 [Worker-17: Building] INFO  o.a.m.s.f.DefaultMavenResourcesFiltering - skip non existing resourceDirectory C:\Users\Mustafa\eclipse-workspace\Spring\NTSPBMS715\SpringCoreProj01-SetterInjection\src\test\resources
2024-11-12 13:55:35,919 [Worker-24: Download sources and javadoc] INFO  o.e.m.j.internal.DownloadSourcesJob - Downloaded sources for org.junit.jupiter:junit-jupiter-api:5.11.0
2024-11-12 13:55:35,921 [Worker-24: Download sources and javadoc] INFO  o.e.m.j.internal.DownloadSourcesJob - Downloaded javadoc for org.junit.jupiter:junit-jupiter-api:5.11.0
2024-11-12 13:55:35,927 [Worker-24: Download sources and javadoc] INFO  o.e.m.j.internal.DownloadSourcesJob - Downloaded sources for org.opentest4j:opentest4j:1.3.0
2024-11-12 13:55:35,928 [Worker-24: Download sources and javadoc] INFO  o.e.m.j.internal.DownloadSourcesJob - Downloaded javadoc for org.opentest4j:opentest4j:1.3.0
2024-11-12 13:55:35,931 [Worker-24: Download sources and javadoc] INFO  o.e.m.j.internal.DownloadSourcesJob - Downloaded sources for org.junit.platform:junit-platform-commons:1.11.0
2024-11-12 13:55:35,933 [Worker-24: Download sources and javadoc] INFO  o.e.m.j.internal.DownloadSourcesJob - Downloaded javadoc for org.junit.platform:junit-platform-commons:1.11.0
2024-11-12 13:55:35,937 [Worker-24: Download sources and javadoc] INFO  o.e.m.j.internal.DownloadSourcesJob - Downloaded sources for org.apiguardian:apiguardian-api:1.1.2
2024-11-12 13:55:35,941 [Worker-24: Download sources and javadoc] INFO  o.e.m.j.internal.DownloadSourcesJob - Downloaded javadoc for org.apiguardian:apiguardian-api:1.1.2
2024-11-12 13:55:35,945 [Worker-24: Download sources and javadoc] INFO  o.e.m.j.internal.DownloadSourcesJob - Downloaded sources for org.junit.jupiter:junit-jupiter-params:5.11.0
2024-11-12 13:55:35,947 [Worker-24: Download sources and javadoc] INFO  o.e.m.j.internal.DownloadSourcesJob - Downloaded javadoc for org.junit.jupiter:junit-jupiter-params:5.11.0
2024-11-12 13:55:35,950 [Worker-24: Download sources and javadoc] INFO  o.e.m.j.internal.DownloadSourcesJob - Downloaded sources for org.springframework:spring-context-support:6.1.14
2024-11-12 13:55:35,952 [Worker-24: Download sources and javadoc] INFO  o.e.m.j.internal.DownloadSourcesJob - Downloaded javadoc for org.springframework:spring-context-support:6.1.14
2024-11-12 13:55:35,958 [Worker-24: Download sources and javadoc] INFO  o.e.m.j.internal.DownloadSourcesJob - Downloaded sources for org.springframework:spring-beans:6.1.14
2024-11-12 13:55:35,959 [Worker-24: Download sources and javadoc] INFO  o.e.m.j.internal.DownloadSourcesJob - Downloaded javadoc for org.springframework:spring-beans:6.1.14
2024-11-12 13:55:35,963 [Worker-24: Download sources and javadoc] INFO  o.e.m.j.internal.DownloadSourcesJob - Downloaded sources for org.springframework:spring-context:6.1.14
2024-11-12 13:55:35,964 [Worker-24: Download sources and javadoc] INFO  o.e.m.j.internal.DownloadSourcesJob - Downloaded javadoc for org.springframework:spring-context:6.1.14
2024-11-12 13:55:35,967 [Worker-24: Download sources and javadoc] INFO  o.e.m.j.internal.DownloadSourcesJob - Downloaded sources for org.springframework:spring-aop:6.1.14
2024-11-12 13:55:35,968 [Worker-24: Download sources and javadoc] INFO  o.e.m.j.internal.DownloadSourcesJob - Downloaded javadoc for org.springframework:spring-aop:6.1.14
2024-11-12 13:55:35,974 [Worker-24: Download sources and javadoc] INFO  o.e.m.j.internal.DownloadSourcesJob - Downloaded sources for org.springframework:spring-expression:6.1.14
2024-11-12 13:55:35,976 [Worker-24: Download sources and javadoc] INFO  o.e.m.j.internal.DownloadSourcesJob - Downloaded javadoc for org.springframework:spring-expression:6.1.14
2024-11-12 13:55:35,979 [Worker-24: Download sources and javadoc] INFO  o.e.m.j.internal.DownloadSourcesJob - Downloaded sources for io.micrometer:micrometer-observation:1.12.11
2024-11-12 13:55:35,980 [Worker-24: Download sources and javadoc] INFO  o.e.m.j.internal.DownloadSourcesJob - Downloaded javadoc for io.micrometer:micrometer-observation:1.12.11
2024-11-12 13:55:35,983 [Worker-24: Download sources and javadoc] INFO  o.e.m.j.internal.DownloadSourcesJob - Downloaded sources for io.micrometer:micrometer-commons:1.12.11
2024-11-12 13:55:35,984 [Worker-24: Download sources and javadoc] INFO  o.e.m.j.internal.DownloadSourcesJob - Downloaded javadoc for io.micrometer:micrometer-commons:1.12.11
2024-11-12 13:55:35,991 [Worker-24: Download sources and javadoc] INFO  o.e.m.j.internal.DownloadSourcesJob - Downloaded sources for org.springframework:spring-core:6.1.14
2024-11-12 13:55:35,992 [Worker-24: Download sources and javadoc] INFO  o.e.m.j.internal.DownloadSourcesJob - Downloaded javadoc for org.springframework:spring-core:6.1.14
2024-11-12 13:55:35,996 [Worker-24: Download sources and javadoc] INFO  o.e.m.j.internal.DownloadSourcesJob - Downloaded sources for org.springframework:spring-jcl:6.1.14
2024-11-12 13:55:35,997 [Worker-24: Download sources and javadoc] INFO  o.e.m.j.internal.DownloadSourcesJob - Downloaded javadoc for org.springframework:spring-jcl:6.1.14
2024-11-12 14:24:13,546 [Worker-30: Building] INFO  o.a.m.s.f.DefaultMavenResourcesFiltering - skip non existing resourceDirectory C:\Users\Mustafa\eclipse-workspace\Spring\NTSPBMS715\SpringCoreProj01-SetterInjection\src\main\resources
2024-11-12 14:24:13,556 [Worker-30: Building] INFO  o.a.m.s.f.DefaultMavenResourcesFiltering - skip non existing resourceDirectory C:\Users\Mustafa\eclipse-workspace\Spring\NTSPBMS715\SpringCoreProj01-SetterInjection\src\test\resources
2024-11-12 14:26:52,529 [Worker-30: Building] INFO  o.a.m.s.f.DefaultMavenResourcesFiltering - skip non existing resourceDirectory C:\Users\Mustafa\eclipse-workspace\Spring\NTSPBMS715\SpringCoreProj01-SetterInjection\src\main\resources
2024-11-12 14:26:52,535 [Worker-30: Building] INFO  o.a.m.s.f.DefaultMavenResourcesFiltering - skip non existing resourceDirectory C:\Users\Mustafa\eclipse-workspace\Spring\NTSPBMS715\SpringCoreProj01-SetterInjection\src\test\resources
2024-11-12 14:27:17,104 [Worker-31: Building] INFO  o.a.m.s.f.DefaultMavenResourcesFiltering - skip non existing resourceDirectory C:\Users\Mustafa\eclipse-workspace\Spring\NTSPBMS715\SpringCoreProj01-SetterInjection\src\main\resources
2024-11-12 14:27:17,108 [Worker-31: Building] INFO  o.a.m.s.f.DefaultMavenResourcesFiltering - skip non existing resourceDirectory C:\Users\Mustafa\eclipse-workspace\Spring\NTSPBMS715\SpringCoreProj01-SetterInjection\src\test\resources
2024-11-12 14:28:06,308 [Worker-30: Building] INFO  o.a.m.s.f.DefaultMavenResourcesFiltering - skip non existing resourceDirectory C:\Users\Mustafa\eclipse-workspace\Spring\NTSPBMS715\SpringCoreProj01-SetterInjection\src\main\resources
2024-11-12 14:28:06,312 [Worker-30: Building] INFO  o.a.m.s.f.DefaultMavenResourcesFiltering - skip non existing resourceDirectory C:\Users\Mustafa\eclipse-workspace\Spring\NTSPBMS715\SpringCoreProj01-SetterInjection\src\test\resources
2024-11-12 14:28:36,604 [Worker-33: Building] INFO  o.a.m.s.f.DefaultMavenResourcesFiltering - skip non existing resourceDirectory C:\Users\Mustafa\eclipse-workspace\Spring\NTSPBMS715\SpringCoreProj01-SetterInjection\src\main\resources
2024-11-12 14:28:36,609 [Worker-33: Building] INFO  o.a.m.s.f.DefaultMavenResourcesFiltering - skip non existing resourceDirectory C:\Users\Mustafa\eclipse-workspace\Spring\NTSPBMS715\SpringCoreProj01-SetterInjection\src\test\resources
2024-11-12 14:28:53,157 [Worker-33: Building] INFO  o.a.m.s.f.DefaultMavenResourcesFiltering - skip non existing resourceDirectory C:\Users\Mustafa\eclipse-workspace\Spring\NTSPBMS715\SpringCoreProj01-SetterInjection\src\main\resources
2024-11-12 14:28:53,162 [Worker-33: Building] INFO  o.a.m.s.f.DefaultMavenResourcesFiltering - skip non existing resourceDirectory C:\Users\Mustafa\eclipse-workspace\Spring\NTSPBMS715\SpringCoreProj01-SetterInjection\src\test\resources
2024-11-12 14:28:58,404 [Worker-34: Building] INFO  o.a.m.s.f.DefaultMavenResourcesFiltering - skip non existing resourceDirectory C:\Users\Mustafa\eclipse-workspace\Spring\NTSPBMS715\SpringCoreProj01-SetterInjection\src\main\resources
2024-11-12 14:28:58,410 [Worker-34: Building] INFO  o.a.m.s.f.DefaultMavenResourcesFiltering - skip non existing resourceDirectory C:\Users\Mustafa\eclipse-workspace\Spring\NTSPBMS715\SpringCoreProj01-SetterInjection\src\test\resources
2024-11-12 14:29:12,914 [Worker-31: Building] INFO  o.a.m.s.f.DefaultMavenResourcesFiltering - skip non existing resourceDirectory C:\Users\Mustafa\eclipse-workspace\Spring\NTSPBMS715\SpringCoreProj01-SetterInjection\src\main\resources
2024-11-12 14:29:12,923 [Worker-31: Building] INFO  o.a.m.s.f.DefaultMavenResourcesFiltering - skip non existing resourceDirectory C:\Users\Mustafa\eclipse-workspace\Spring\NTSPBMS715\SpringCoreProj01-SetterInjection\src\test\resources
2024-11-12 14:30:19,932 [Worker-34: Building] INFO  o.a.m.s.f.DefaultMavenResourcesFiltering - skip non existing resourceDirectory C:\Users\Mustafa\eclipse-workspace\Spring\NTSPBMS715\SpringCoreProj01-SetterInjection\src\main\resources
2024-11-12 14:30:19,935 [Worker-34: Building] INFO  o.a.m.s.f.DefaultMavenResourcesFiltering - skip non existing resourceDirectory C:\Users\Mustafa\eclipse-workspace\Spring\NTSPBMS715\SpringCoreProj01-SetterInjection\src\test\resources
2024-11-14 20:17:59,165 [Worker-165: Building] INFO  o.a.m.s.f.DefaultMavenResourcesFiltering - skip non existing resourceDirectory C:\Users\Mustafa\eclipse-workspace\Spring\NTSPBMS715\SpringCoreProj01-SetterInjection\src\main\resources
2024-11-14 20:17:59,178 [Worker-165: Building] INFO  o.a.m.s.f.DefaultMavenResourcesFiltering - skip non existing resourceDirectory C:\Users\Mustafa\eclipse-workspace\Spring\NTSPBMS715\SpringCoreProj01-SetterInjection\src\test\resources
2024-11-14 20:18:24,592 [Worker-165: Building] INFO  o.a.m.s.f.DefaultMavenResourcesFiltering - skip non existing resourceDirectory C:\Users\Mustafa\eclipse-workspace\Spring\NTSPBMS715\SpringCoreProj01-SetterInjection\src\main\resources
2024-11-14 20:18:24,597 [Worker-165: Building] INFO  o.a.m.s.f.DefaultMavenResourcesFiltering - skip non existing resourceDirectory C:\Users\Mustafa\eclipse-workspace\Spring\NTSPBMS715\SpringCoreProj01-SetterInjection\src\test\resources
2024-11-14 20:54:51,741 [Worker-174: Building] INFO  o.a.m.s.f.DefaultMavenResourcesFiltering - skip non existing resourceDirectory C:\Users\Mustafa\eclipse-workspace\Spring\NTSPBMS715\SpringCoreProj01-SetterInjection\src\main\resources
2024-11-14 20:54:51,749 [Worker-174: Building] INFO  o.a.m.s.f.DefaultMavenResourcesFiltering - skip non existing resourceDirectory C:\Users\Mustafa\eclipse-workspace\Spring\NTSPBMS715\SpringCoreProj01-SetterInjection\src\test\resources
2024-11-15 11:57:16,763 [Worker-0: Loading available Gradle versions] INFO  o.e.b.c.i.u.g.PublishedGradleVersions - Gradle version information cache is out-of-date. Trying to update.
2024-11-15 11:57:19,951 [Worker-4: Building] INFO  o.e.m.c.i.l.LifecycleMappingFactory - Using org.eclipse.m2e.jdt.JarLifecycleMapping lifecycle mapping for MavenProject: nit:SpringCoreProj01-SetterInjection:0.0.1-SNAPSHOT @ C:\Users\Mustafa\eclipse-workspace\Spring\NTSPBMS715\SpringCoreProj01-SetterInjection\pom.xml.
2024-11-15 11:57:20,846 [Worker-4: Building] INFO  o.a.m.s.f.DefaultMavenResourcesFiltering - skip non existing resourceDirectory C:\Users\Mustafa\eclipse-workspace\Spring\NTSPBMS715\SpringCoreProj01-SetterInjection\src\main\resources
2024-11-15 11:57:20,853 [Worker-4: Building] INFO  o.a.m.s.f.DefaultMavenResourcesFiltering - skip non existing resourceDirectory C:\Users\Mustafa\eclipse-workspace\Spring\NTSPBMS715\SpringCoreProj01-SetterInjection\src\test\resources
2024-11-15 11:57:21,472 [Worker-0: Updating Maven Dependencies] INFO  o.e.m.c.i.l.LifecycleMappingFactory - Using org.eclipse.m2e.jdt.JarLifecycleMapping lifecycle mapping for MavenProject: nit:SpringCoreProj01-SetterInjection:0.0.1-SNAPSHOT @ C:\Users\Mustafa\eclipse-workspace\Spring\NTSPBMS715\SpringCoreProj01-SetterInjection\pom.xml.
2024-11-15 12:01:23,131 [Worker-23: Building] INFO  o.a.m.s.f.DefaultMavenResourcesFiltering - skip non existing resourceDirectory C:\Users\Mustafa\eclipse-workspace\Spring\NTSPBMS715\SpringCoreProj01-SetterInjection\src\main\resources
2024-11-15 12:01:23,135 [Worker-23: Building] INFO  o.a.m.s.f.DefaultMavenResourcesFiltering - skip non existing resourceDirectory C:\Users\Mustafa\eclipse-workspace\Spring\NTSPBMS715\SpringCoreProj01-SetterInjection\src\test\resources
2024-11-15 12:04:46,225 [Start Help Server] INFO  org.eclipse.jetty.server.Server - jetty-12.0.12; built: 2024-07-25T21:58:37.668Z; git: cc6f1b74db755fed228b50701ad967aeaa68e83f; jvm 23.0.1+11
2024-11-15 12:04:46,284 [Start Help Server] INFO  o.e.j.server.handler.ContextHandler - Started oeje8n.ContextHandler$CoreContextHandler@72824356{/help,/help,b=null,a=AVAILABLE,h=oeje8n.ContextHandler$CoreContextHandler$CoreToNestedHandler@4e8701d8{STARTED}}
2024-11-15 12:04:46,285 [Start Help Server] INFO  o.e.j.s.DefaultSessionIdManager - Session workerName=node0
2024-11-15 12:04:46,311 [Start Help Server] INFO  o.e.jetty.server.AbstractConnector - Started ServerConnector@21feaf8{HTTP/1.1, (http/1.1)}{127.0.0.1:53170}
2024-11-15 12:04:46,333 [Start Help Server] INFO  org.eclipse.jetty.server.Server - Started oejs.Server@4117f897{STARTING}[12.0.12,sto=0] @466237ms
2024-11-15 12:04:48,519 [Worker-22: Building] INFO  o.a.m.s.f.DefaultMavenResourcesFiltering - skip non existing resourceDirectory C:\Users\Mustafa\eclipse-workspace\Spring\NTSPBMS715\SpringCoreProj01-SetterInjection\src\main\resources
2024-11-15 12:04:48,522 [Worker-22: Building] INFO  o.a.m.s.f.DefaultMavenResourcesFiltering - skip non existing resourceDirectory C:\Users\Mustafa\eclipse-workspace\Spring\NTSPBMS715\SpringCoreProj01-SetterInjection\src\test\resources
2024-11-15 12:05:14,759 [Worker-5: Building] INFO  o.a.m.s.f.DefaultMavenResourcesFiltering - skip non existing resourceDirectory C:\Users\Mustafa\eclipse-workspace\Spring\NTSPBMS715\SpringCoreProj01-SetterInjection\src\main\resources
2024-11-15 12:05:14,763 [Worker-5: Building] INFO  o.a.m.s.f.DefaultMavenResourcesFiltering - skip non existing resourceDirectory C:\Users\Mustafa\eclipse-workspace\Spring\NTSPBMS715\SpringCoreProj01-SetterInjection\src\test\resources
2024-11-15 12:08:04,628 [Worker-25: Building] INFO  o.a.m.s.f.DefaultMavenResourcesFiltering - skip non existing resourceDirectory C:\Users\Mustafa\eclipse-workspace\Spring\NTSPBMS715\SpringCoreProj01-SetterInjection\src\main\resources
2024-11-15 12:08:04,631 [Worker-25: Building] INFO  o.a.m.s.f.DefaultMavenResourcesFiltering - skip non existing resourceDirectory C:\Users\Mustafa\eclipse-workspace\Spring\NTSPBMS715\SpringCoreProj01-SetterInjection\src\test\resources
2024-11-15 12:08:26,815 [Worker-22: Building] INFO  o.a.m.s.f.DefaultMavenResourcesFiltering - skip non existing resourceDirectory C:\Users\Mustafa\eclipse-workspace\Spring\NTSPBMS715\SpringCoreProj01-SetterInjection\src\main\resources
2024-11-15 12:08:26,819 [Worker-22: Building] INFO  o.a.m.s.f.DefaultMavenResourcesFiltering - skip non existing resourceDirectory C:\Users\Mustafa\eclipse-workspace\Spring\NTSPBMS715\SpringCoreProj01-SetterInjection\src\test\resources
2024-11-15 12:08:33,354 [Worker-22: Building] INFO  o.a.m.s.f.DefaultMavenResourcesFiltering - skip non existing resourceDirectory C:\Users\Mustafa\eclipse-workspace\Spring\NTSPBMS715\SpringCoreProj01-SetterInjection\src\main\resources
2024-11-15 12:08:33,356 [Worker-22: Building] INFO  o.a.m.s.f.DefaultMavenResourcesFiltering - skip non existing resourceDirectory C:\Users\Mustafa\eclipse-workspace\Spring\NTSPBMS715\SpringCoreProj01-SetterInjection\src\test\resources
2024-11-15 12:22:26,777 [Worker-26: Building] INFO  o.a.m.s.f.DefaultMavenResourcesFiltering - skip non existing resourceDirectory C:\Users\Mustafa\eclipse-workspace\Spring\NTSPBMS715\SpringCoreProj01-SetterInjection\src\main\resources
2024-11-15 12:22:26,780 [Worker-26: Building] INFO  o.a.m.s.f.DefaultMavenResourcesFiltering - skip non existing resourceDirectory C:\Users\Mustafa\eclipse-workspace\Spring\NTSPBMS715\SpringCoreProj01-SetterInjection\src\test\resources
2024-11-15 12:22:45,168 [Worker-28: Building] INFO  o.a.m.s.f.DefaultMavenResourcesFiltering - skip non existing resourceDirectory C:\Users\Mustafa\eclipse-workspace\Spring\NTSPBMS715\SpringCoreProj01-SetterInjection\src\main\resources
2024-11-15 12:22:45,171 [Worker-28: Building] INFO  o.a.m.s.f.DefaultMavenResourcesFiltering - skip non existing resourceDirectory C:\Users\Mustafa\eclipse-workspace\Spring\NTSPBMS715\SpringCoreProj01-SetterInjection\src\test\resources
2024-11-15 12:31:08,176 [Worker-31: Building] INFO  o.a.m.s.f.DefaultMavenResourcesFiltering - skip non existing resourceDirectory C:\Users\Mustafa\eclipse-workspace\Spring\NTSPBMS715\SpringCoreProj01-SetterInjection\src\main\resources
2024-11-15 12:31:08,178 [Worker-31: Building] INFO  o.a.m.s.f.DefaultMavenResourcesFiltering - skip non existing resourceDirectory C:\Users\Mustafa\eclipse-workspace\Spring\NTSPBMS715\SpringCoreProj01-SetterInjection\src\test\resources
2024-11-15 12:31:20,479 [Worker-29: Building] INFO  o.a.m.s.f.DefaultMavenResourcesFiltering - skip non existing resourceDirectory C:\Users\Mustafa\eclipse-workspace\Spring\NTSPBMS715\SpringCoreProj01-SetterInjection\src\main\resources
2024-11-15 12:31:20,481 [Worker-29: Building] INFO  o.a.m.s.f.DefaultMavenResourcesFiltering - skip non existing resourceDirectory C:\Users\Mustafa\eclipse-workspace\Spring\NTSPBMS715\SpringCoreProj01-SetterInjection\src\test\resources
2024-11-15 12:31:39,632 [Worker-32: Building] INFO  o.a.m.s.f.DefaultMavenResourcesFiltering - skip non existing resourceDirectory C:\Users\Mustafa\eclipse-workspace\Spring\NTSPBMS715\SpringCoreProj01-SetterInjection\src\main\resources
2024-11-15 12:31:39,636 [Worker-32: Building] INFO  o.a.m.s.f.DefaultMavenResourcesFiltering - skip non existing resourceDirectory C:\Users\Mustafa\eclipse-workspace\Spring\NTSPBMS715\SpringCoreProj01-SetterInjection\src\test\resources
2024-11-15 12:31:52,094 [Worker-32: Building] INFO  o.a.m.s.f.DefaultMavenResourcesFiltering - skip non existing resourceDirectory C:\Users\Mustafa\eclipse-workspace\Spring\NTSPBMS715\SpringCoreProj01-SetterInjection\src\main\resources
2024-11-15 12:31:52,096 [Worker-32: Building] INFO  o.a.m.s.f.DefaultMavenResourcesFiltering - skip non existing resourceDirectory C:\Users\Mustafa\eclipse-workspace\Spring\NTSPBMS715\SpringCoreProj01-SetterInjection\src\test\resources
2024-11-15 14:31:55,583 [Worker-33: Building] INFO  o.a.m.s.f.DefaultMavenResourcesFiltering - skip non existing resourceDirectory C:\Users\Mustafa\eclipse-workspace\Spring\NTSPBMS715\SpringCoreProj01-SetterInjection\src\main\resources
2024-11-15 14:31:55,586 [Worker-33: Building] INFO  o.a.m.s.f.DefaultMavenResourcesFiltering - skip non existing resourceDirectory C:\Users\Mustafa\eclipse-workspace\Spring\NTSPBMS715\SpringCoreProj01-SetterInjection\src\test\resources
2024-11-15 15:33:10,611 [Stop Help Server] INFO  org.eclipse.jetty.server.Server - Stopped oejs.Server@4117f897{STOPPING}[12.0.12,sto=0]
2024-11-15 15:33:10,622 [Stop Help Server] INFO  o.e.jetty.server.AbstractConnector - Stopped ServerConnector@21feaf8{HTTP/1.1, (http/1.1)}{127.0.0.1:0}
2024-11-15 16:12:19,651 [Worker-1: Loading available Gradle versions] INFO  o.e.b.c.i.u.g.PublishedGradleVersions - Gradle version information cache is up-to-date. Trying to read.
2024-11-15 16:12:49,407 [Worker-4: Updating Maven Dependencies] INFO  o.e.m.c.i.l.LifecycleMappingFactory - Using org.eclipse.m2e.jdt.JarLifecycleMapping lifecycle mapping for MavenProject: nit:SpringCoreProj01-SetterInjection:0.0.1-SNAPSHOT @ C:\Users\Mustafa\eclipse-workspace\Spring\NTSPBMS715\SpringCoreProj01-SetterInjection\pom.xml.
2024-11-15 16:14:46,986 [Worker-20: Building] INFO  o.a.m.s.f.DefaultMavenResourcesFiltering - skip non existing resourceDirectory C:\Users\Mustafa\eclipse-workspace\Spring\NTSPBMS715\SpringCoreProj01-SetterInjection\src\main\resources
2024-11-15 16:14:46,998 [Worker-20: Building] INFO  o.a.m.s.f.DefaultMavenResourcesFiltering - skip non existing resourceDirectory C:\Users\Mustafa\eclipse-workspace\Spring\NTSPBMS715\SpringCoreProj01-SetterInjection\src\test\resources
2024-11-17 16:44:08,686 [Worker-0: Loading available Gradle versions] INFO  o.e.b.c.i.u.g.PublishedGradleVersions - Gradle version information cache is out-of-date. Trying to update.
2024-11-17 16:44:12,044 [Worker-2: Updating Maven Dependencies] INFO  o.e.m.c.i.l.LifecycleMappingFactory - Using org.eclipse.m2e.jdt.JarLifecycleMapping lifecycle mapping for MavenProject: nit:SpringCoreProj01-SetterInjection:0.0.1-SNAPSHOT @ C:\Users\Mustafa\eclipse-workspace\Spring\NTSPBMS715\SpringCoreProj01-SetterInjection\pom.xml.
2024-11-17 16:44:13,607 [Worker-3: Building] INFO  o.a.m.s.f.DefaultMavenResourcesFiltering - skip non existing resourceDirectory C:\Users\Mustafa\eclipse-workspace\Spring\NTSPBMS715\SpringCoreProj01-SetterInjection\src\main\resources
2024-11-17 16:44:13,611 [Worker-3: Building] INFO  o.a.m.s.f.DefaultMavenResourcesFiltering - skip non existing resourceDirectory C:\Users\Mustafa\eclipse-workspace\Spring\NTSPBMS715\SpringCoreProj01-SetterInjection\src\test\resources
2024-11-17 17:44:04,936 [Worker-37: Building] INFO  o.a.m.s.f.DefaultMavenResourcesFiltering - skip non existing resourceDirectory C:\Users\Mustafa\eclipse-workspace\Spring\NTSPBMS715\SpringCoreProj01-SetterInjection\src\main\resources
2024-11-17 17:44:04,936 [Worker-37: Building] INFO  o.a.m.s.f.DefaultMavenResourcesFiltering - skip non existing resourceDirectory C:\Users\Mustafa\eclipse-workspace\Spring\NTSPBMS715\SpringCoreProj01-SetterInjection\src\test\resources
2024-11-17 17:44:34,223 [Worker-37: Building] INFO  o.a.m.s.f.DefaultMavenResourcesFiltering - skip non existing resourceDirectory C:\Users\Mustafa\eclipse-workspace\Spring\NTSPBMS715\SpringCoreProj01-SetterInjection\src\main\resources
2024-11-17 17:44:34,227 [Worker-37: Building] INFO  o.a.m.s.f.DefaultMavenResourcesFiltering - skip non existing resourceDirectory C:\Users\Mustafa\eclipse-workspace\Spring\NTSPBMS715\SpringCoreProj01-SetterInjection\src\test\resources
2024-11-17 17:44:38,728 [Worker-32: Building] INFO  o.a.m.s.f.DefaultMavenResourcesFiltering - skip non existing resourceDirectory C:\Users\Mustafa\eclipse-workspace\Spring\NTSPBMS715\SpringCoreProj01-SetterInjection\src\main\resources
2024-11-17 17:44:38,732 [Worker-32: Building] INFO  o.a.m.s.f.DefaultMavenResourcesFiltering - skip non existing resourceDirectory C:\Users\Mustafa\eclipse-workspace\Spring\NTSPBMS715\SpringCoreProj01-SetterInjection\src\test\resources
2024-11-17 17:46:00,768 [Worker-37: Building] INFO  o.a.m.s.f.DefaultMavenResourcesFiltering - skip non existing resourceDirectory C:\Users\Mustafa\eclipse-workspace\Spring\NTSPBMS715\SpringCoreProj01-SetterInjection\src\main\resources
2024-11-17 17:46:00,772 [Worker-37: Building] INFO  o.a.m.s.f.DefaultMavenResourcesFiltering - skip non existing resourceDirectory C:\Users\Mustafa\eclipse-workspace\Spring\NTSPBMS715\SpringCoreProj01-SetterInjection\src\test\resources
2024-11-17 17:46:04,740 [Worker-32: Building] INFO  o.a.m.s.f.DefaultMavenResourcesFiltering - skip non existing resourceDirectory C:\Users\Mustafa\eclipse-workspace\Spring\NTSPBMS715\SpringCoreProj01-SetterInjection\src\main\resources
2024-11-17 17:46:04,744 [Worker-32: Building] INFO  o.a.m.s.f.DefaultMavenResourcesFiltering - skip non existing resourceDirectory C:\Users\Mustafa\eclipse-workspace\Spring\NTSPBMS715\SpringCoreProj01-SetterInjection\src\test\resources
2024-11-17 17:46:06,478 [Worker-39: Building] INFO  o.a.m.s.f.DefaultMavenResourcesFiltering - skip non existing resourceDirectory C:\Users\Mustafa\eclipse-workspace\Spring\NTSPBMS715\SpringCoreProj01-SetterInjection\src\main\resources
2024-11-17 17:46:06,482 [Worker-39: Building] INFO  o.a.m.s.f.DefaultMavenResourcesFiltering - skip non existing resourceDirectory C:\Users\Mustafa\eclipse-workspace\Spring\NTSPBMS715\SpringCoreProj01-SetterInjection\src\test\resources
2024-11-18 17:25:26,811 [Worker-133: Building] INFO  o.a.m.s.f.DefaultMavenResourcesFiltering - skip non existing resourceDirectory C:\Users\Mustafa\eclipse-workspace\Spring\NTSPBMS715\SpringCoreProj01-SetterInjection\src\main\resources
2024-11-18 17:25:26,828 [Worker-133: Building] INFO  o.a.m.s.f.DefaultMavenResourcesFiltering - skip non existing resourceDirectory C:\Users\Mustafa\eclipse-workspace\Spring\NTSPBMS715\SpringCoreProj01-SetterInjection\src\test\resources
2024-11-19 23:28:20,122 [Worker-0: Loading available Gradle versions] INFO  o.e.b.c.i.u.g.PublishedGradleVersions - Gradle version information cache is out-of-date. Trying to update.
2024-11-19 23:28:23,497 [Worker-1: Updating Maven Dependencies] INFO  o.e.m.c.i.l.LifecycleMappingFactory - Using org.eclipse.m2e.jdt.JarLifecycleMapping lifecycle mapping for MavenProject: nit:SpringCoreProj01-SetterInjection:0.0.1-SNAPSHOT @ C:\Users\Mustafa\eclipse-workspace\Spring\NTSPBMS715\SpringCoreProj01-SetterInjection\pom.xml.
2024-11-21 11:15:10,364 [Worker-1: Loading available Gradle versions] INFO  o.e.b.c.i.u.g.PublishedGradleVersions - Gradle version information cache is out-of-date. Trying to update.
2024-11-21 11:15:15,534 [Worker-4: Updating Maven Dependencies] INFO  o.e.m.c.i.l.LifecycleMappingFactory - Using org.eclipse.m2e.jdt.JarLifecycleMapping lifecycle mapping for MavenProject: nit:SpringCoreProj01-SetterInjection:0.0.1-SNAPSHOT @ C:\Users\Mustafa\eclipse-workspace\Spring\NTSPBMS715\SpringCoreProj01-SetterInjection\pom.xml.
